{"meta": {"format": 3, "version": "7.13.2", "timestamp": "2026-01-28T20:01:40.543759", "branch_coverage": false, "show_contexts": false}, "files": {"mahavishnu/__init__.py": {"executed_lines": [2], "summary": {"covered_lines": 1, "num_statements": 1, "percent_covered": 100.0, "percent_covered_display": "100.00", "missing_lines": 0, "excluded_lines": 0, "percent_statements_covered": 100.0, "percent_statements_covered_display": "100.00"}, "missing_lines": [], "excluded_lines": [], "functions": {"": {"executed_lines": [2], "summary": {"covered_lines": 1, "num_statements": 1, "percent_covered": 100.0, "percent_covered_display": "100.00", "missing_lines": 0, "excluded_lines": 0, "percent_statements_covered": 100.0, "percent_statements_covered_display": "100.00"}, "missing_lines": [], "excluded_lines": [], "start_line": 1}}, "classes": {"": {"executed_lines": [2], "summary": {"covered_lines": 1, "num_statements": 1, "percent_covered": 100.0, "percent_covered_display": "100.00", "missing_lines": 0, "excluded_lines": 0, "percent_statements_covered": 100.0, "percent_statements_covered_display": "100.00"}, "missing_lines": [], "excluded_lines": [], "start_line": 1}}}, "mahavishnu/__main__.py": {"executed_lines": [], "summary": {"covered_lines": 0, "num_statements": 1, "percent_covered": 0.0, "percent_covered_display": "0.00", "missing_lines": 1, "excluded_lines": 2, "percent_statements_covered": 0.0, "percent_statements_covered_display": "0.00"}, "missing_lines": [2], "excluded_lines": [4, 5], "functions": {"": {"executed_lines": [], "summary": {"covered_lines": 0, "num_statements": 1, "percent_covered": 0.0, "percent_covered_display": "0.00", "missing_lines": 1, "excluded_lines": 2, "percent_statements_covered": 0.0, "percent_statements_covered_display": "0.00"}, "missing_lines": [2], "excluded_lines": [4, 5], "start_line": 1}}, "classes": {"": {"executed_lines": [], "summary": {"covered_lines": 0, "num_statements": 1, "percent_covered": 0.0, "percent_covered_display": "0.00", "missing_lines": 1, "excluded_lines": 2, "percent_statements_covered": 0.0, "percent_statements_covered_display": "0.00"}, "missing_lines": [2], "excluded_lines": [4, 5], "start_line": 1}}}, "mahavishnu/backup_cli.py": {"executed_lines": [2, 3, 4, 7, 9, 11, 12, 14, 15, 36, 37, 59, 60, 82, 83, 109, 110, 127, 128], "summary": {"covered_lines": 19, "num_statements": 98, "percent_covered": 19.387755102040817, "percent_covered_display": "19.39", "missing_lines": 79, "excluded_lines": 0, "percent_statements_covered": 19.387755102040817, "percent_statements_covered_display": "19.39"}, "missing_lines": [19, 20, 21, 22, 24, 25, 26, 27, 28, 29, 30, 31, 32, 34, 39, 40, 41, 42, 44, 46, 47, 48, 50, 51, 52, 53, 54, 55, 57, 64, 65, 66, 67, 69, 70, 71, 72, 74, 75, 76, 77, 78, 80, 87, 88, 89, 90, 92, 94, 95, 96, 98, 99, 100, 101, 102, 103, 104, 105, 107, 112, 113, 114, 115, 117, 119, 120, 121, 122, 123, 125, 130, 131, 132, 133, 135, 137, 138, 140], "excluded_lines": [], "functions": {"add_backup_commands": {"executed_lines": [9, 11, 12, 14, 15, 36, 37, 59, 60, 82, 83, 109, 110, 127, 128], "summary": {"covered_lines": 15, "num_statements": 15, "percent_covered": 100.0, "percent_covered_display": "100.00", "missing_lines": 0, "excluded_lines": 0, "percent_statements_covered": 100.0, "percent_statements_covered_display": "100.00"}, "missing_lines": [], "excluded_lines": [], "start_line": 7}, "add_backup_commands.backup_create": {"executed_lines": [], "summary": {"covered_lines": 0, "num_statements": 2, "percent_covered": 0.0, "percent_covered_display": "0.00", "missing_lines": 2, "excluded_lines": 0, "percent_statements_covered": 0.0, "percent_statements_covered_display": "0.00"}, "missing_lines": [19, 34], "excluded_lines": [], "start_line": 15}, "add_backup_commands.backup_create._create": {"executed_lines": [], "summary": {"covered_lines": 0, "num_statements": 12, "percent_covered": 0.0, "percent_covered_display": "0.00", "missing_lines": 12, "excluded_lines": 0, "percent_statements_covered": 0.0, "percent_statements_covered_display": "0.00"}, "missing_lines": [20, 21, 22, 24, 25, 26, 27, 28, 29, 30, 31, 32], "excluded_lines": [], "start_line": 19}, "add_backup_commands.backup_list": {"executed_lines": [], "summary": {"covered_lines": 0, "num_statements": 2, "percent_covered": 0.0, "percent_covered_display": "0.00", "missing_lines": 2, "excluded_lines": 0, "percent_statements_covered": 0.0, "percent_statements_covered_display": "0.00"}, "missing_lines": [39, 57], "excluded_lines": [], "start_line": 37}, "add_backup_commands.backup_list._list": {"executed_lines": [], "summary": {"covered_lines": 0, "num_statements": 13, "percent_covered": 0.0, "percent_covered_display": "0.00", "missing_lines": 13, "excluded_lines": 0, "percent_statements_covered": 0.0, "percent_statements_covered_display": "0.00"}, "missing_lines": [40, 41, 42, 44, 46, 47, 48, 50, 51, 52, 53, 54, 55], "excluded_lines": [], "start_line": 39}, "add_backup_commands.backup_restore": {"executed_lines": [], "summary": {"covered_lines": 0, "num_statements": 2, "percent_covered": 0.0, "percent_covered_display": "0.00", "missing_lines": 2, "excluded_lines": 0, "percent_statements_covered": 0.0, "percent_statements_covered_display": "0.00"}, "missing_lines": [64, 80], "excluded_lines": [], "start_line": 60}, "add_backup_commands.backup_restore._restore": {"executed_lines": [], "summary": {"covered_lines": 0, "num_statements": 12, "percent_covered": 0.0, "percent_covered_display": "0.00", "missing_lines": 12, "excluded_lines": 0, "percent_statements_covered": 0.0, "percent_statements_covered_display": "0.00"}, "missing_lines": [65, 66, 67, 69, 70, 71, 72, 74, 75, 76, 77, 78], "excluded_lines": [], "start_line": 64}, "add_backup_commands.backup_info": {"executed_lines": [], "summary": {"covered_lines": 0, "num_statements": 2, "percent_covered": 0.0, "percent_covered_display": "0.00", "missing_lines": 2, "excluded_lines": 0, "percent_statements_covered": 0.0, "percent_statements_covered_display": "0.00"}, "missing_lines": [87, 107], "excluded_lines": [], "start_line": 83}, "add_backup_commands.backup_info._info": {"executed_lines": [], "summary": {"covered_lines": 0, "num_statements": 15, "percent_covered": 0.0, "percent_covered_display": "0.00", "missing_lines": 15, "excluded_lines": 0, "percent_statements_covered": 0.0, "percent_statements_covered_display": "0.00"}, "missing_lines": [88, 89, 90, 92, 94, 95, 96, 98, 99, 100, 101, 102, 103, 104, 105], "excluded_lines": [], "start_line": 87}, "add_backup_commands.backup_check": {"executed_lines": [], "summary": {"covered_lines": 0, "num_statements": 2, "percent_covered": 0.0, "percent_covered_display": "0.00", "missing_lines": 2, "excluded_lines": 0, "percent_statements_covered": 0.0, "percent_statements_covered_display": "0.00"}, "missing_lines": [112, 125], "excluded_lines": [], "start_line": 110}, "add_backup_commands.backup_check._check": {"executed_lines": [], "summary": {"covered_lines": 0, "num_statements": 9, "percent_covered": 0.0, "percent_covered_display": "0.00", "missing_lines": 9, "excluded_lines": 0, "percent_statements_covered": 0.0, "percent_statements_covered_display": "0.00"}, "missing_lines": [113, 114, 115, 117, 119, 120, 121, 122, 123], "excluded_lines": [], "start_line": 112}, "add_backup_commands.backup_procedures": {"executed_lines": [], "summary": {"covered_lines": 0, "num_statements": 2, "percent_covered": 0.0, "percent_covered_display": "0.00", "missing_lines": 2, "excluded_lines": 0, "percent_statements_covered": 0.0, "percent_statements_covered_display": "0.00"}, "missing_lines": [130, 140], "excluded_lines": [], "start_line": 128}, "add_backup_commands.backup_procedures._procedures": {"executed_lines": [], "summary": {"covered_lines": 0, "num_statements": 6, "percent_covered": 0.0, "percent_covered_display": "0.00", "missing_lines": 6, "excluded_lines": 0, "percent_statements_covered": 0.0, "percent_statements_covered_display": "0.00"}, "missing_lines": [131, 132, 133, 135, 137, 138], "excluded_lines": [], "start_line": 130}, "": {"executed_lines": [2, 3, 4, 7], "summary": {"covered_lines": 4, "num_statements": 4, "percent_covered": 100.0, "percent_covered_display": "100.00", "missing_lines": 0, "excluded_lines": 0, "percent_statements_covered": 100.0, "percent_statements_covered_display": "100.00"}, "missing_lines": [], "excluded_lines": [], "start_line": 1}}, "classes": {"": {"executed_lines": [2, 3, 4, 7, 9, 11, 12, 14, 15, 36, 37, 59, 60, 82, 83, 109, 110, 127, 128], "summary": {"covered_lines": 19, "num_statements": 98, "percent_covered": 19.387755102040817, "percent_covered_display": "19.39", "missing_lines": 79, "excluded_lines": 0, "percent_statements_covered": 19.387755102040817, "percent_statements_covered_display": "19.39"}, "missing_lines": [19, 20, 21, 22, 24, 25, 26, 27, 28, 29, 30, 31, 32, 34, 39, 40, 41, 42, 44, 46, 47, 48, 50, 51, 52, 53, 54, 55, 57, 64, 65, 66, 67, 69, 70, 71, 72, 74, 75, 76, 77, 78, 80, 87, 88, 89, 90, 92, 94, 95, 96, 98, 99, 100, 101, 102, 103, 104, 105, 107, 112, 113, 114, 115, 117, 119, 120, 121, 122, 123, 125, 130, 131, 132, 133, 135, 137, 138, 140], "excluded_lines": [], "start_line": 1}}}, "mahavishnu/cli.py": {"executed_lines": [2, 3, 4, 5, 6, 9, 12, 15, 17, 19, 20, 32, 37, 73, 74, 77, 78, 121, 122, 129, 130, 140, 141, 166, 167, 194, 195, 204, 207, 210, 212, 214, 215, 220, 221, 222, 224, 225, 227, 228, 229, 230, 232, 234, 235, 236, 237, 238, 241, 242, 246, 248, 250, 251, 252, 253, 254, 255, 256, 257, 260, 261, 269, 271, 273, 274, 275, 276, 279, 280, 281, 283, 284, 285, 286, 288, 289, 290, 291, 293, 294, 295, 296, 299, 301, 302, 303, 304, 305, 306, 307, 309, 312, 313, 317, 319, 321, 325, 326, 327, 330, 331, 355, 356, 381, 382, 385, 386, 424, 425, 450, 451, 477, 478, 507, 508, 543, 546, 549, 552, 553], "summary": {"covered_lines": 121, "num_statements": 320, "percent_covered": 37.8125, "percent_covered_display": "37.81", "missing_lines": 199, "excluded_lines": 2, "percent_statements_covered": 37.8125, "percent_statements_covered_display": "37.81"}, "missing_lines": [28, 29, 34, 39, 42, 45, 46, 47, 48, 49, 50, 52, 54, 57, 58, 59, 61, 62, 69, 83, 84, 86, 89, 92, 93, 94, 95, 96, 97, 99, 102, 103, 104, 105, 107, 109, 111, 112, 113, 114, 116, 118, 124, 125, 126, 135, 136, 137, 143, 144, 146, 147, 150, 151, 153, 154, 155, 156, 160, 161, 163, 169, 170, 172, 173, 175, 177, 181, 182, 183, 184, 185, 186, 187, 188, 189, 191, 211, 213, 217, 308, 322, 323, 335, 338, 340, 341, 342, 343, 346, 351, 352, 360, 363, 365, 366, 367, 368, 371, 376, 377, 393, 394, 396, 397, 398, 399, 401, 402, 403, 404, 405, 407, 408, 414, 415, 416, 417, 418, 419, 421, 427, 428, 430, 431, 432, 434, 435, 436, 438, 439, 440, 441, 442, 443, 444, 445, 447, 456, 457, 459, 460, 461, 463, 464, 465, 467, 468, 469, 470, 471, 472, 474, 483, 484, 486, 487, 488, 490, 491, 492, 494, 495, 499, 500, 501, 502, 504, 512, 513, 515, 516, 517, 519, 520, 521, 523, 524, 525, 526, 527, 528, 529, 531, 533, 534, 535, 536, 537, 539, 569, 570, 572, 575, 576, 577, 580, 581, 583], "excluded_lines": [586, 587], "functions": {"sweep": {"executed_lines": [], "summary": {"covered_lines": 0, "num_statements": 2, "percent_covered": 0.0, "percent_covered_display": "0.00", "missing_lines": 2, "excluded_lines": 0, "percent_statements_covered": 0.0, "percent_statements_covered_display": "0.00"}, "missing_lines": [28, 29], "excluded_lines": [], "start_line": 20}, "progress_callback": {"executed_lines": [], "summary": {"covered_lines": 0, "num_statements": 1, "percent_covered": 0.0, "percent_covered_display": "0.00", "missing_lines": 1, "excluded_lines": 0, "percent_statements_covered": 0.0, "percent_statements_covered_display": "0.00"}, "missing_lines": [34], "excluded_lines": [], "start_line": 32}, "_async_sweep": {"executed_lines": [], "summary": {"covered_lines": 0, "num_statements": 16, "percent_covered": 0.0, "percent_covered_display": "0.00", "missing_lines": 16, "excluded_lines": 0, "percent_statements_covered": 0.0, "percent_statements_covered_display": "0.00"}, "missing_lines": [39, 42, 45, 46, 47, 48, 49, 50, 52, 54, 57, 58, 59, 61, 62, 69], "excluded_lines": [], "start_line": 37}, "mcp_start": {"executed_lines": [], "summary": {"covered_lines": 0, "num_statements": 2, "percent_covered": 0.0, "percent_covered_display": "0.00", "missing_lines": 2, "excluded_lines": 0, "percent_statements_covered": 0.0, "percent_statements_covered_display": "0.00"}, "missing_lines": [83, 118], "excluded_lines": [], "start_line": 78}, "mcp_start._start": {"executed_lines": [], "summary": {"covered_lines": 0, "num_statements": 21, "percent_covered": 0.0, "percent_covered_display": "0.00", "missing_lines": 21, "excluded_lines": 0, "percent_statements_covered": 0.0, "percent_statements_covered_display": "0.00"}, "missing_lines": [84, 86, 89, 92, 93, 94, 95, 96, 97, 99, 102, 103, 104, 105, 107, 109, 111, 112, 113, 114, 116], "excluded_lines": [], "start_line": 83}, "mcp_stop": {"executed_lines": [], "summary": {"covered_lines": 0, "num_statements": 3, "percent_covered": 0.0, "percent_covered_display": "0.00", "missing_lines": 3, "excluded_lines": 0, "percent_statements_covered": 0.0, "percent_statements_covered_display": "0.00"}, "missing_lines": [124, 125, 126], "excluded_lines": [], "start_line": 122}, "mcp_restart": {"executed_lines": [], "summary": {"covered_lines": 0, "num_statements": 3, "percent_covered": 0.0, "percent_covered_display": "0.00", "missing_lines": 3, "excluded_lines": 0, "percent_statements_covered": 0.0, "percent_statements_covered_display": "0.00"}, "missing_lines": [135, 136, 137], "excluded_lines": [], "start_line": 130}, "mcp_status": {"executed_lines": [], "summary": {"covered_lines": 0, "num_statements": 2, "percent_covered": 0.0, "percent_covered_display": "0.00", "missing_lines": 2, "excluded_lines": 0, "percent_statements_covered": 0.0, "percent_statements_covered_display": "0.00"}, "missing_lines": [143, 163], "excluded_lines": [], "start_line": 141}, "mcp_status._status": {"executed_lines": [], "summary": {"covered_lines": 0, "num_statements": 11, "percent_covered": 0.0, "percent_covered_display": "0.00", "missing_lines": 11, "excluded_lines": 0, "percent_statements_covered": 0.0, "percent_statements_covered_display": "0.00"}, "missing_lines": [144, 146, 147, 150, 151, 153, 154, 155, 156, 160, 161], "excluded_lines": [], "start_line": 143}, "mcp_health": {"executed_lines": [], "summary": {"covered_lines": 0, "num_statements": 2, "percent_covered": 0.0, "percent_covered_display": "0.00", "missing_lines": 2, "excluded_lines": 0, "percent_statements_covered": 0.0, "percent_statements_covered_display": "0.00"}, "missing_lines": [169, 191], "excluded_lines": [], "start_line": 167}, "mcp_health._health": {"executed_lines": [], "summary": {"covered_lines": 0, "num_statements": 14, "percent_covered": 0.0, "percent_covered_display": "0.00", "missing_lines": 14, "excluded_lines": 0, "percent_statements_covered": 0.0, "percent_statements_covered_display": "0.00"}, "missing_lines": [170, 172, 173, 175, 177, 181, 182, 183, 184, 185, 186, 187, 188, 189], "excluded_lines": [], "start_line": 169}, "list_repos": {"executed_lines": [204, 207, 210, 212, 214, 215, 220, 221, 222, 224, 225, 227, 228, 229, 230, 232, 234, 235, 236, 237, 238], "summary": {"covered_lines": 21, "num_statements": 24, "percent_covered": 87.5, "percent_covered_display": "87.50", "missing_lines": 3, "excluded_lines": 0, "percent_statements_covered": 87.5, "percent_statements_covered_display": "87.50"}, "missing_lines": [211, 213, 217], "excluded_lines": [], "start_line": 195}, "list_roles": {"executed_lines": [246, 248, 250, 251, 252, 253, 254, 255, 256, 257], "summary": {"covered_lines": 10, "num_statements": 10, "percent_covered": 100.0, "percent_covered_display": "100.00", "missing_lines": 0, "excluded_lines": 0, "percent_statements_covered": 100.0, "percent_statements_covered_display": "100.00"}, "missing_lines": [], "excluded_lines": [], "start_line": 242}, "show_role": {"executed_lines": [269, 271, 273, 274, 275, 276, 279, 280, 281, 283, 284, 285, 286, 288, 289, 290, 291, 293, 294, 295, 296, 299, 301, 302, 303, 304, 305, 306, 307, 309], "summary": {"covered_lines": 30, "num_statements": 31, "percent_covered": 96.7741935483871, "percent_covered_display": "96.77", "missing_lines": 1, "excluded_lines": 0, "percent_statements_covered": 96.7741935483871, "percent_statements_covered_display": "96.77"}, "missing_lines": [308], "excluded_lines": [], "start_line": 261}, "list_nicknames": {"executed_lines": [317, 319, 321, 325, 326, 327], "summary": {"covered_lines": 6, "num_statements": 8, "percent_covered": 75.0, "percent_covered_display": "75.00", "missing_lines": 2, "excluded_lines": 0, "percent_statements_covered": 75.0, "percent_statements_covered_display": "75.00"}, "missing_lines": [322, 323], "excluded_lines": [], "start_line": 313}, "generate_claude_token": {"executed_lines": [], "summary": {"covered_lines": 0, "num_statements": 9, "percent_covered": 0.0, "percent_covered_display": "0.00", "missing_lines": 9, "excluded_lines": 0, "percent_statements_covered": 0.0, "percent_statements_covered_display": "0.00"}, "missing_lines": [335, 338, 340, 341, 342, 343, 346, 351, 352], "excluded_lines": [], "start_line": 331}, "generate_codex_token": {"executed_lines": [], "summary": {"covered_lines": 0, "num_statements": 9, "percent_covered": 0.0, "percent_covered_display": "0.00", "missing_lines": 9, "excluded_lines": 0, "percent_statements_covered": 0.0, "percent_statements_covered_display": "0.00"}, "missing_lines": [360, 363, 365, 366, 367, 368, 371, 376, 377], "excluded_lines": [], "start_line": 356}, "terminal_launch": {"executed_lines": [], "summary": {"covered_lines": 0, "num_statements": 2, "percent_covered": 0.0, "percent_covered_display": "0.00", "missing_lines": 2, "excluded_lines": 0, "percent_statements_covered": 0.0, "percent_statements_covered_display": "0.00"}, "missing_lines": [393, 421], "excluded_lines": [], "start_line": 386}, "terminal_launch._launch": {"executed_lines": [], "summary": {"covered_lines": 0, "num_statements": 18, "percent_covered": 0.0, "percent_covered_display": "0.00", "missing_lines": 18, "excluded_lines": 0, "percent_statements_covered": 0.0, "percent_statements_covered_display": "0.00"}, "missing_lines": [394, 396, 397, 398, 399, 401, 402, 403, 404, 405, 407, 408, 414, 415, 416, 417, 418, 419], "excluded_lines": [], "start_line": 393}, "terminal_list": {"executed_lines": [], "summary": {"covered_lines": 0, "num_statements": 2, "percent_covered": 0.0, "percent_covered_display": "0.00", "missing_lines": 2, "excluded_lines": 0, "percent_statements_covered": 0.0, "percent_statements_covered_display": "0.00"}, "missing_lines": [427, 447], "excluded_lines": [], "start_line": 425}, "terminal_list._list": {"executed_lines": [], "summary": {"covered_lines": 0, "num_statements": 15, "percent_covered": 0.0, "percent_covered_display": "0.00", "missing_lines": 15, "excluded_lines": 0, "percent_statements_covered": 0.0, "percent_statements_covered_display": "0.00"}, "missing_lines": [428, 430, 431, 432, 434, 435, 436, 438, 439, 440, 441, 442, 443, 444, 445], "excluded_lines": [], "start_line": 427}, "terminal_send": {"executed_lines": [], "summary": {"covered_lines": 0, "num_statements": 2, "percent_covered": 0.0, "percent_covered_display": "0.00", "missing_lines": 2, "excluded_lines": 0, "percent_statements_covered": 0.0, "percent_statements_covered_display": "0.00"}, "missing_lines": [456, 474], "excluded_lines": [], "start_line": 451}, "terminal_send._send": {"executed_lines": [], "summary": {"covered_lines": 0, "num_statements": 13, "percent_covered": 0.0, "percent_covered_display": "0.00", "missing_lines": 13, "excluded_lines": 0, "percent_statements_covered": 0.0, "percent_statements_covered_display": "0.00"}, "missing_lines": [457, 459, 460, 461, 463, 464, 465, 467, 468, 469, 470, 471, 472], "excluded_lines": [], "start_line": 456}, "terminal_capture": {"executed_lines": [], "summary": {"covered_lines": 0, "num_statements": 2, "percent_covered": 0.0, "percent_covered_display": "0.00", "missing_lines": 2, "excluded_lines": 0, "percent_statements_covered": 0.0, "percent_statements_covered_display": "0.00"}, "missing_lines": [483, 504], "excluded_lines": [], "start_line": 478}, "terminal_capture._capture": {"executed_lines": [], "summary": {"covered_lines": 0, "num_statements": 13, "percent_covered": 0.0, "percent_covered_display": "0.00", "missing_lines": 13, "excluded_lines": 0, "percent_statements_covered": 0.0, "percent_statements_covered_display": "0.00"}, "missing_lines": [484, 486, 487, 488, 490, 491, 492, 494, 495, 499, 500, 501, 502], "excluded_lines": [], "start_line": 483}, "terminal_close": {"executed_lines": [], "summary": {"covered_lines": 0, "num_statements": 2, "percent_covered": 0.0, "percent_covered_display": "0.00", "missing_lines": 2, "excluded_lines": 0, "percent_statements_covered": 0.0, "percent_statements_covered_display": "0.00"}, "missing_lines": [512, 539], "excluded_lines": [], "start_line": 508}, "terminal_close._close": {"executed_lines": [], "summary": {"covered_lines": 0, "num_statements": 20, "percent_covered": 0.0, "percent_covered_display": "0.00", "missing_lines": 20, "excluded_lines": 0, "percent_statements_covered": 0.0, "percent_statements_covered_display": "0.00"}, "missing_lines": [513, 515, 516, 517, 519, 520, 521, 523, 524, 525, 526, 527, 528, 529, 531, 533, 534, 535, 536, 537], "excluded_lines": [], "start_line": 512}, "shell_cmd": {"executed_lines": [], "summary": {"covered_lines": 0, "num_statements": 2, "percent_covered": 0.0, "percent_covered_display": "0.00", "missing_lines": 2, "excluded_lines": 0, "percent_statements_covered": 0.0, "percent_statements_covered_display": "0.00"}, "missing_lines": [569, 583], "excluded_lines": [], "start_line": 553}, "shell_cmd._shell": {"executed_lines": [], "summary": {"covered_lines": 0, "num_statements": 7, "percent_covered": 0.0, "percent_covered_display": "0.00", "missing_lines": 7, "excluded_lines": 0, "percent_statements_covered": 0.0, "percent_statements_covered_display": "0.00"}, "missing_lines": [570, 572, 575, 576, 577, 580, 581], "excluded_lines": [], "start_line": 569}, "": {"executed_lines": [2, 3, 4, 5, 6, 9, 12, 15, 17, 19, 20, 32, 37, 73, 74, 77, 78, 121, 122, 129, 130, 140, 141, 166, 167, 194, 195, 241, 242, 260, 261, 312, 313, 330, 331, 355, 356, 381, 382, 385, 386, 424, 425, 450, 451, 477, 478, 507, 508, 543, 546, 549, 552, 553], "summary": {"covered_lines": 54, "num_statements": 54, "percent_covered": 100.0, "percent_covered_display": "100.00", "missing_lines": 0, "excluded_lines": 2, "percent_statements_covered": 100.0, "percent_statements_covered_display": "100.00"}, "missing_lines": [], "excluded_lines": [586, 587], "start_line": 1}}, "classes": {"": {"executed_lines": [2, 3, 4, 5, 6, 9, 12, 15, 17, 19, 20, 32, 37, 73, 74, 77, 78, 121, 122, 129, 130, 140, 141, 166, 167, 194, 195, 204, 207, 210, 212, 214, 215, 220, 221, 222, 224, 225, 227, 228, 229, 230, 232, 234, 235, 236, 237, 238, 241, 242, 246, 248, 250, 251, 252, 253, 254, 255, 256, 257, 260, 261, 269, 271, 273, 274, 275, 276, 279, 280, 281, 283, 284, 285, 286, 288, 289, 290, 291, 293, 294, 295, 296, 299, 301, 302, 303, 304, 305, 306, 307, 309, 312, 313, 317, 319, 321, 325, 326, 327, 330, 331, 355, 356, 381, 382, 385, 386, 424, 425, 450, 451, 477, 478, 507, 508, 543, 546, 549, 552, 553], "summary": {"covered_lines": 121, "num_statements": 320, "percent_covered": 37.8125, "percent_covered_display": "37.81", "missing_lines": 199, "excluded_lines": 2, "percent_statements_covered": 37.8125, "percent_statements_covered_display": "37.81"}, "missing_lines": [28, 29, 34, 39, 42, 45, 46, 47, 48, 49, 50, 52, 54, 57, 58, 59, 61, 62, 69, 83, 84, 86, 89, 92, 93, 94, 95, 96, 97, 99, 102, 103, 104, 105, 107, 109, 111, 112, 113, 114, 116, 118, 124, 125, 126, 135, 136, 137, 143, 144, 146, 147, 150, 151, 153, 154, 155, 156, 160, 161, 163, 169, 170, 172, 173, 175, 177, 181, 182, 183, 184, 185, 186, 187, 188, 189, 191, 211, 213, 217, 308, 322, 323, 335, 338, 340, 341, 342, 343, 346, 351, 352, 360, 363, 365, 366, 367, 368, 371, 376, 377, 393, 394, 396, 397, 398, 399, 401, 402, 403, 404, 405, 407, 408, 414, 415, 416, 417, 418, 419, 421, 427, 428, 430, 431, 432, 434, 435, 436, 438, 439, 440, 441, 442, 443, 444, 445, 447, 456, 457, 459, 460, 461, 463, 464, 465, 467, 468, 469, 470, 471, 472, 474, 483, 484, 486, 487, 488, 490, 491, 492, 494, 495, 499, 500, 501, 502, 504, 512, 513, 515, 516, 517, 519, 520, 521, 523, 524, 525, 526, 527, 528, 529, 531, 533, 534, 535, 536, 537, 539, 569, 570, 572, 575, 576, 577, 580, 581, 583], "excluded_lines": [586, 587], "start_line": 1}}}, "mahavishnu/core/__init__.py": {"executed_lines": [2, 3, 4, 9, 10, 12], "summary": {"covered_lines": 6, "num_statements": 6, "percent_covered": 100.0, "percent_covered_display": "100.00", "missing_lines": 0, "excluded_lines": 0, "percent_statements_covered": 100.0, "percent_statements_covered_display": "100.00"}, "missing_lines": [], "excluded_lines": [], "functions": {"": {"executed_lines": [2, 3, 4, 9, 10, 12], "summary": {"covered_lines": 6, "num_statements": 6, "percent_covered": 100.0, "percent_covered_display": "100.00", "missing_lines": 0, "excluded_lines": 0, "percent_statements_covered": 100.0, "percent_statements_covered_display": "100.00"}, "missing_lines": [], "excluded_lines": [], "start_line": 1}}, "classes": {"": {"executed_lines": [2, 3, 4, 9, 10, 12], "summary": {"covered_lines": 6, "num_statements": 6, "percent_covered": 100.0, "percent_covered_display": "100.00", "missing_lines": 0, "excluded_lines": 0, "percent_statements_covered": 100.0, "percent_statements_covered_display": "100.00"}, "missing_lines": [], "excluded_lines": [], "start_line": 1}}}, "mahavishnu/core/adapters/__init__.py": {"executed_lines": [2, 4], "summary": {"covered_lines": 2, "num_statements": 2, "percent_covered": 100.0, "percent_covered_display": "100.00", "missing_lines": 0, "excluded_lines": 0, "percent_statements_covered": 100.0, "percent_statements_covered_display": "100.00"}, "missing_lines": [], "excluded_lines": [], "functions": {"": {"executed_lines": [2, 4], "summary": {"covered_lines": 2, "num_statements": 2, "percent_covered": 100.0, "percent_covered_display": "100.00", "missing_lines": 0, "excluded_lines": 0, "percent_statements_covered": 100.0, "percent_statements_covered_display": "100.00"}, "missing_lines": [], "excluded_lines": [], "start_line": 1}}, "classes": {"": {"executed_lines": [2, 4], "summary": {"covered_lines": 2, "num_statements": 2, "percent_covered": 100.0, "percent_covered_display": "100.00", "missing_lines": 0, "excluded_lines": 0, "percent_statements_covered": 100.0, "percent_statements_covered_display": "100.00"}, "missing_lines": [], "excluded_lines": [], "start_line": 1}}}, "mahavishnu/core/adapters/base.py": {"executed_lines": [2, 3, 6], "summary": {"covered_lines": 3, "num_statements": 3, "percent_covered": 100.0, "percent_covered_display": "100.00", "missing_lines": 0, "excluded_lines": 23, "percent_statements_covered": 100.0, "percent_statements_covered_display": "100.00"}, "missing_lines": [], "excluded_lines": [9, 10, 11, 12, 13, 14, 15, 16, 17, 18, 19, 20, 21, 23, 24, 25, 26, 27, 28, 29, 30, 31, 32], "functions": {"OrchestratorAdapter.execute": {"executed_lines": [], "summary": {"covered_lines": 0, "num_statements": 0, "percent_covered": 100.0, "percent_covered_display": "100.00", "missing_lines": 0, "excluded_lines": 11, "percent_statements_covered": 100.0, "percent_statements_covered_display": "100.00"}, "missing_lines": [], "excluded_lines": [11, 12, 13, 14, 15, 16, 17, 18, 19, 20, 21], "start_line": 10}, "OrchestratorAdapter.get_health": {"executed_lines": [], "summary": {"covered_lines": 0, "num_statements": 0, "percent_covered": 100.0, "percent_covered_display": "100.00", "missing_lines": 0, "excluded_lines": 8, "percent_statements_covered": 100.0, "percent_statements_covered_display": "100.00"}, "missing_lines": [], "excluded_lines": [25, 26, 27, 28, 29, 30, 31, 32], "start_line": 24}, "": {"executed_lines": [2, 3, 6], "summary": {"covered_lines": 3, "num_statements": 3, "percent_covered": 100.0, "percent_covered_display": "100.00", "missing_lines": 0, "excluded_lines": 4, "percent_statements_covered": 100.0, "percent_statements_covered_display": "100.00"}, "missing_lines": [], "excluded_lines": [9, 10, 23, 24], "start_line": 1}}, "classes": {"OrchestratorAdapter": {"executed_lines": [], "summary": {"covered_lines": 0, "num_statements": 0, "percent_covered": 100.0, "percent_covered_display": "100.00", "missing_lines": 0, "excluded_lines": 19, "percent_statements_covered": 100.0, "percent_statements_covered_display": "100.00"}, "missing_lines": [], "excluded_lines": [11, 12, 13, 14, 15, 16, 17, 18, 19, 20, 21, 25, 26, 27, 28, 29, 30, 31, 32], "start_line": 6}, "": {"executed_lines": [2, 3, 6], "summary": {"covered_lines": 3, "num_statements": 3, "percent_covered": 100.0, "percent_covered_display": "100.00", "missing_lines": 0, "excluded_lines": 4, "percent_statements_covered": 100.0, "percent_statements_covered_display": "100.00"}, "missing_lines": [], "excluded_lines": [9, 10, 23, 24], "start_line": 1}}}, "mahavishnu/core/app.py": {"executed_lines": [7, 8, 9, 10, 11, 12, 14, 16, 17, 18, 19, 20, 21, 22, 23, 24, 25, 26, 27, 33, 46, 49, 52, 53, 62, 64, 65, 66, 67, 68, 69, 70, 71, 73, 74, 83, 86, 107, 117, 118, 119, 120, 123, 124, 125, 128, 134, 137, 140, 143, 144, 148, 151, 154, 157, 158, 161, 164, 167, 168, 169, 171, 197, 212, 213, 220, 226, 228, 237, 238, 239, 242, 259, 272, 273, 276, 277, 278, 279, 280, 287, 298, 299, 300, 301, 302, 308, 309, 310, 311, 312, 313, 324, 339, 349, 350, 351, 352, 361, 363, 365, 370, 372, 379, 382, 383, 384, 385, 386, 388, 404, 412, 414, 420, 422, 430, 436, 438, 447, 448, 449, 450, 451, 453, 466, 467, 468, 478, 479, 481, 487, 488, 489, 490, 491, 492, 494, 513, 522, 525, 531, 533, 556, 567, 571, 572, 573, 574, 576, 577, 643, 668, 669], "summary": {"covered_lines": 153, "num_statements": 335, "percent_covered": 45.67164179104478, "percent_covered_display": "45.67", "missing_lines": 182, "excluded_lines": 2, "percent_statements_covered": 45.67164179104478, "percent_statements_covered_display": "45.67"}, "missing_lines": [145, 182, 184, 188, 189, 190, 191, 192, 193, 194, 195, 214, 215, 229, 243, 248, 249, 253, 254, 281, 283, 284, 288, 289, 290, 291, 292, 294, 295, 303, 305, 306, 314, 315, 340, 390, 391, 392, 397, 398, 399, 401, 407, 408, 410, 428, 500, 501, 503, 504, 505, 506, 507, 508, 509, 511, 557, 568, 575, 587, 588, 589, 592, 593, 604, 605, 607, 608, 609, 610, 612, 613, 614, 616, 617, 618, 619, 622, 623, 624, 630, 632, 679, 680, 683, 684, 685, 686, 687, 688, 689, 699, 700, 701, 704, 705, 716, 717, 720, 727, 733, 741, 742, 744, 745, 746, 747, 752, 761, 762, 763, 774, 775, 778, 780, 782, 783, 786, 787, 794, 795, 797, 800, 806, 809, 810, 811, 812, 815, 822, 824, 827, 830, 833, 834, 837, 838, 841, 842, 844, 847, 848, 851, 853, 854, 855, 858, 859, 860, 863, 867, 868, 870, 873, 874, 877, 878, 879, 880, 881, 887, 888, 889, 890, 892, 895, 896, 904, 915, 916, 927, 928, 929, 931, 933, 948, 950, 958, 965, 966, 972, 974], "excluded_lines": [29, 30], "functions": {"_validate_path": {"executed_lines": [46, 49, 52, 53, 62, 64, 65, 66, 67, 68, 69, 70, 71, 73, 74, 83], "summary": {"covered_lines": 16, "num_statements": 16, "percent_covered": 100.0, "percent_covered_display": "100.00", "missing_lines": 0, "excluded_lines": 0, "percent_statements_covered": 100.0, "percent_statements_covered_display": "100.00"}, "missing_lines": [], "excluded_lines": [], "start_line": 33}, "MahavishnuApp.__init__": {"executed_lines": [117, 118, 119, 120, 123, 124, 125, 128, 134, 137, 140, 143, 144, 148, 151, 154, 157, 158, 161, 164, 167, 168, 169], "summary": {"covered_lines": 23, "num_statements": 24, "percent_covered": 95.83333333333333, "percent_covered_display": "95.83", "missing_lines": 1, "excluded_lines": 0, "percent_statements_covered": 95.83333333333333, "percent_statements_covered_display": "95.83"}, "missing_lines": [145], "excluded_lines": [], "start_line": 107}, "MahavishnuApp._init_terminal_manager": {"executed_lines": [], "summary": {"covered_lines": 0, "num_statements": 10, "percent_covered": 0.0, "percent_covered_display": "0.00", "missing_lines": 10, "excluded_lines": 0, "percent_statements_covered": 0.0, "percent_statements_covered_display": "0.00"}, "missing_lines": [182, 184, 188, 189, 190, 191, 192, 193, 194, 195], "excluded_lines": [], "start_line": 171}, "MahavishnuApp._load_config": {"executed_lines": [212, 213], "summary": {"covered_lines": 2, "num_statements": 4, "percent_covered": 50.0, "percent_covered_display": "50.00", "missing_lines": 2, "excluded_lines": 0, "percent_statements_covered": 50.0, "percent_statements_covered_display": "50.00"}, "missing_lines": [214, 215], "excluded_lines": [], "start_line": 197}, "MahavishnuApp._load_repos": {"executed_lines": [226, 228, 237, 238, 239, 242], "summary": {"covered_lines": 6, "num_statements": 12, "percent_covered": 50.0, "percent_covered_display": "50.00", "missing_lines": 6, "excluded_lines": 0, "percent_statements_covered": 50.0, "percent_statements_covered_display": "50.00"}, "missing_lines": [229, 243, 248, 249, 253, 254], "excluded_lines": [], "start_line": 220}, "MahavishnuApp._initialize_adapters": {"executed_lines": [272, 273, 276, 277, 278, 279, 280, 287, 298, 299, 300, 301, 302, 308, 309, 310, 311, 312, 313], "summary": {"covered_lines": 19, "num_statements": 34, "percent_covered": 55.88235294117647, "percent_covered_display": "55.88", "missing_lines": 15, "excluded_lines": 0, "percent_statements_covered": 55.88235294117647, "percent_statements_covered_display": "55.88"}, "missing_lines": [281, 283, 284, 288, 289, 290, 291, 292, 294, 295, 303, 305, 306, 314, 315], "excluded_lines": [], "start_line": 259}, "MahavishnuApp.get_repos": {"executed_lines": [339, 349, 350, 351, 352, 361, 363, 365, 370, 372, 379, 382, 383, 384, 385, 386, 388, 404, 412], "summary": {"covered_lines": 19, "num_statements": 30, "percent_covered": 63.333333333333336, "percent_covered_display": "63.33", "missing_lines": 11, "excluded_lines": 0, "percent_statements_covered": 63.333333333333336, "percent_statements_covered_display": "63.33"}, "missing_lines": [340, 390, 391, 392, 397, 398, 399, 401, 407, 408, 410], "excluded_lines": [], "start_line": 324}, "MahavishnuApp.get_all_repos": {"executed_lines": [420], "summary": {"covered_lines": 1, "num_statements": 1, "percent_covered": 100.0, "percent_covered_display": "100.00", "missing_lines": 0, "excluded_lines": 0, "percent_statements_covered": 100.0, "percent_statements_covered_display": "100.00"}, "missing_lines": [], "excluded_lines": [], "start_line": 414}, "MahavishnuApp.get_all_repo_paths": {"executed_lines": [], "summary": {"covered_lines": 0, "num_statements": 1, "percent_covered": 0.0, "percent_covered_display": "0.00", "missing_lines": 1, "excluded_lines": 0, "percent_statements_covered": 0.0, "percent_statements_covered_display": "0.00"}, "missing_lines": [428], "excluded_lines": [], "start_line": 422}, "MahavishnuApp.get_roles": {"executed_lines": [436], "summary": {"covered_lines": 1, "num_statements": 1, "percent_covered": 100.0, "percent_covered_display": "100.00", "missing_lines": 0, "excluded_lines": 0, "percent_statements_covered": 100.0, "percent_statements_covered_display": "100.00"}, "missing_lines": [], "excluded_lines": [], "start_line": 430}, "MahavishnuApp.get_role_by_name": {"executed_lines": [447, 448, 449, 450, 451], "summary": {"covered_lines": 5, "num_statements": 5, "percent_covered": 100.0, "percent_covered_display": "100.00", "missing_lines": 0, "excluded_lines": 0, "percent_statements_covered": 100.0, "percent_statements_covered_display": "100.00"}, "missing_lines": [], "excluded_lines": [], "start_line": 438}, "MahavishnuApp.get_repos_by_role": {"executed_lines": [466, 467, 468, 478, 479], "summary": {"covered_lines": 5, "num_statements": 5, "percent_covered": 100.0, "percent_covered_display": "100.00", "missing_lines": 0, "excluded_lines": 0, "percent_statements_covered": 100.0, "percent_statements_covered_display": "100.00"}, "missing_lines": [], "excluded_lines": [], "start_line": 453}, "MahavishnuApp.get_all_nicknames": {"executed_lines": [487, 488, 489, 490, 491, 492], "summary": {"covered_lines": 6, "num_statements": 6, "percent_covered": 100.0, "percent_covered_display": "100.00", "missing_lines": 0, "excluded_lines": 0, "percent_statements_covered": 100.0, "percent_statements_covered_display": "100.00"}, "missing_lines": [], "excluded_lines": [], "start_line": 481}, "MahavishnuApp.is_healthy": {"executed_lines": [], "summary": {"covered_lines": 0, "num_statements": 10, "percent_covered": 0.0, "percent_covered_display": "0.00", "missing_lines": 10, "excluded_lines": 0, "percent_statements_covered": 0.0, "percent_statements_covered_display": "0.00"}, "missing_lines": [500, 501, 503, 504, 505, 506, 507, 508, 509, 511], "excluded_lines": [], "start_line": 494}, "MahavishnuApp.get_active_workflows": {"executed_lines": [522, 525, 531], "summary": {"covered_lines": 3, "num_statements": 3, "percent_covered": 100.0, "percent_covered_display": "100.00", "missing_lines": 0, "excluded_lines": 0, "percent_statements_covered": 100.0, "percent_statements_covered_display": "100.00"}, "missing_lines": [], "excluded_lines": [], "start_line": 513}, "MahavishnuApp.execute_workflow": {"executed_lines": [556, 567, 571, 572, 573, 574, 576, 577], "summary": {"covered_lines": 8, "num_statements": 34, "percent_covered": 23.529411764705884, "percent_covered_display": "23.53", "missing_lines": 26, "excluded_lines": 0, "percent_statements_covered": 23.529411764705884, "percent_statements_covered_display": "23.53"}, "missing_lines": [557, 568, 575, 587, 588, 589, 592, 593, 604, 605, 607, 608, 609, 610, 612, 613, 614, 616, 617, 618, 619, 622, 623, 624, 630, 632], "excluded_lines": [], "start_line": 533}, "MahavishnuApp.execute_workflow_parallel": {"executed_lines": [668, 669], "summary": {"covered_lines": 2, "num_statements": 77, "percent_covered": 2.5974025974025974, "percent_covered_display": "2.60", "missing_lines": 75, "excluded_lines": 0, "percent_statements_covered": 2.5974025974025974, "percent_statements_covered_display": "2.60"}, "missing_lines": [679, 680, 683, 684, 685, 686, 687, 688, 689, 699, 700, 701, 704, 705, 716, 717, 720, 727, 733, 741, 742, 744, 745, 746, 747, 752, 761, 762, 763, 774, 775, 778, 780, 847, 848, 851, 853, 854, 855, 858, 859, 860, 863, 867, 868, 870, 873, 874, 877, 878, 879, 880, 881, 887, 888, 889, 890, 892, 895, 896, 904, 915, 916, 927, 928, 929, 931, 933, 948, 950, 958, 965, 966, 972, 974], "excluded_lines": [], "start_line": 643}, "MahavishnuApp.execute_workflow_parallel.process_single_repo": {"executed_lines": [], "summary": {"covered_lines": 0, "num_statements": 25, "percent_covered": 0.0, "percent_covered_display": "0.00", "missing_lines": 25, "excluded_lines": 0, "percent_statements_covered": 0.0, "percent_statements_covered_display": "0.00"}, "missing_lines": [782, 783, 786, 787, 794, 795, 797, 800, 806, 809, 810, 811, 812, 815, 822, 824, 827, 830, 833, 834, 837, 838, 841, 842, 844], "excluded_lines": [], "start_line": 780}, "": {"executed_lines": [7, 8, 9, 10, 11, 12, 14, 16, 17, 18, 19, 20, 21, 22, 23, 24, 25, 26, 27, 33, 86, 107, 171, 197, 220, 259, 324, 414, 422, 430, 438, 453, 481, 494, 513, 533, 643], "summary": {"covered_lines": 37, "num_statements": 37, "percent_covered": 100.0, "percent_covered_display": "100.00", "missing_lines": 0, "excluded_lines": 2, "percent_statements_covered": 100.0, "percent_statements_covered_display": "100.00"}, "missing_lines": [], "excluded_lines": [29, 30], "start_line": 1}}, "classes": {"MahavishnuApp": {"executed_lines": [117, 118, 119, 120, 123, 124, 125, 128, 134, 137, 140, 143, 144, 148, 151, 154, 157, 158, 161, 164, 167, 168, 169, 212, 213, 226, 228, 237, 238, 239, 242, 272, 273, 276, 277, 278, 279, 280, 287, 298, 299, 300, 301, 302, 308, 309, 310, 311, 312, 313, 339, 349, 350, 351, 352, 361, 363, 365, 370, 372, 379, 382, 383, 384, 385, 386, 388, 404, 412, 420, 436, 447, 448, 449, 450, 451, 466, 467, 468, 478, 479, 487, 488, 489, 490, 491, 492, 522, 525, 531, 556, 567, 571, 572, 573, 574, 576, 577, 668, 669], "summary": {"covered_lines": 100, "num_statements": 282, "percent_covered": 35.46099290780142, "percent_covered_display": "35.46", "missing_lines": 182, "excluded_lines": 0, "percent_statements_covered": 35.46099290780142, "percent_statements_covered_display": "35.46"}, "missing_lines": [145, 182, 184, 188, 189, 190, 191, 192, 193, 194, 195, 214, 215, 229, 243, 248, 249, 253, 254, 281, 283, 284, 288, 289, 290, 291, 292, 294, 295, 303, 305, 306, 314, 315, 340, 390, 391, 392, 397, 398, 399, 401, 407, 408, 410, 428, 500, 501, 503, 504, 505, 506, 507, 508, 509, 511, 557, 568, 575, 587, 588, 589, 592, 593, 604, 605, 607, 608, 609, 610, 612, 613, 614, 616, 617, 618, 619, 622, 623, 624, 630, 632, 679, 680, 683, 684, 685, 686, 687, 688, 689, 699, 700, 701, 704, 705, 716, 717, 720, 727, 733, 741, 742, 744, 745, 746, 747, 752, 761, 762, 763, 774, 775, 778, 780, 782, 783, 786, 787, 794, 795, 797, 800, 806, 809, 810, 811, 812, 815, 822, 824, 827, 830, 833, 834, 837, 838, 841, 842, 844, 847, 848, 851, 853, 854, 855, 858, 859, 860, 863, 867, 868, 870, 873, 874, 877, 878, 879, 880, 881, 887, 888, 889, 890, 892, 895, 896, 904, 915, 916, 927, 928, 929, 931, 933, 948, 950, 958, 965, 966, 972, 974], "excluded_lines": [], "start_line": 86}, "": {"executed_lines": [7, 8, 9, 10, 11, 12, 14, 16, 17, 18, 19, 20, 21, 22, 23, 24, 25, 26, 27, 33, 46, 49, 52, 53, 62, 64, 65, 66, 67, 68, 69, 70, 71, 73, 74, 83, 86, 107, 171, 197, 220, 259, 324, 414, 422, 430, 438, 453, 481, 494, 513, 533, 643], "summary": {"covered_lines": 53, "num_statements": 53, "percent_covered": 100.0, "percent_covered_display": "100.00", "missing_lines": 0, "excluded_lines": 2, "percent_statements_covered": 100.0, "percent_statements_covered_display": "100.00"}, "missing_lines": [], "excluded_lines": [29, 30], "start_line": 1}}}, "mahavishnu/core/auth.py": {"executed_lines": [2, 3, 4, 5, 6, 7, 8, 9, 10, 13, 15, 16, 19, 22, 31, 32, 34, 35, 36, 38, 48, 49, 50, 51, 52, 54, 67, 68, 69, 70, 75, 78, 79, 84, 85, 90, 91, 95, 96, 102, 112, 115], "summary": {"covered_lines": 42, "num_statements": 65, "percent_covered": 64.61538461538461, "percent_covered_display": "64.62", "missing_lines": 23, "excluded_lines": 0, "percent_statements_covered": 64.61538461538461, "percent_statements_covered_display": "64.62"}, "missing_lines": [71, 86, 125, 126, 127, 128, 130, 133, 137, 138, 143, 144, 145, 150, 151, 154, 155, 156, 158, 159, 160, 165, 166], "excluded_lines": [], "functions": {"JWTAuth.__init__": {"executed_lines": [31, 32, 34, 35, 36], "summary": {"covered_lines": 5, "num_statements": 5, "percent_covered": 100.0, "percent_covered_display": "100.00", "missing_lines": 0, "excluded_lines": 0, "percent_statements_covered": 100.0, "percent_statements_covered_display": "100.00"}, "missing_lines": [], "excluded_lines": [], "start_line": 22}, "JWTAuth.create_access_token": {"executed_lines": [48, 49, 50, 51, 52], "summary": {"covered_lines": 5, "num_statements": 5, "percent_covered": 100.0, "percent_covered_display": "100.00", "missing_lines": 0, "excluded_lines": 0, "percent_statements_covered": 100.0, "percent_statements_covered_display": "100.00"}, "missing_lines": [], "excluded_lines": [], "start_line": 38}, "JWTAuth.verify_token": {"executed_lines": [67, 68, 69, 70, 75, 78, 79, 84, 85, 90, 91, 95, 96], "summary": {"covered_lines": 13, "num_statements": 15, "percent_covered": 86.66666666666667, "percent_covered_display": "86.67", "missing_lines": 2, "excluded_lines": 0, "percent_statements_covered": 86.66666666666667, "percent_statements_covered_display": "86.67"}, "missing_lines": [71, 86], "excluded_lines": [], "start_line": 54}, "get_auth_from_config": {"executed_lines": [112], "summary": {"covered_lines": 1, "num_statements": 1, "percent_covered": 100.0, "percent_covered_display": "100.00", "missing_lines": 0, "excluded_lines": 0, "percent_statements_covered": 100.0, "percent_statements_covered_display": "100.00"}, "missing_lines": [], "excluded_lines": [], "start_line": 102}, "require_auth": {"executed_lines": [], "summary": {"covered_lines": 0, "num_statements": 3, "percent_covered": 0.0, "percent_covered_display": "0.00", "missing_lines": 3, "excluded_lines": 0, "percent_statements_covered": 0.0, "percent_statements_covered_display": "0.00"}, "missing_lines": [125, 126, 166], "excluded_lines": [], "start_line": 115}, "require_auth.decorator": {"executed_lines": [], "summary": {"covered_lines": 0, "num_statements": 2, "percent_covered": 0.0, "percent_covered_display": "0.00", "missing_lines": 2, "excluded_lines": 0, "percent_statements_covered": 0.0, "percent_statements_covered_display": "0.00"}, "missing_lines": [127, 165], "excluded_lines": [], "start_line": 125}, "require_auth.decorator.wrapper": {"executed_lines": [], "summary": {"covered_lines": 0, "num_statements": 16, "percent_covered": 0.0, "percent_covered_display": "0.00", "missing_lines": 16, "excluded_lines": 0, "percent_statements_covered": 0.0, "percent_statements_covered_display": "0.00"}, "missing_lines": [128, 130, 133, 137, 138, 143, 144, 145, 150, 151, 154, 155, 156, 158, 159, 160], "excluded_lines": [], "start_line": 127}, "": {"executed_lines": [2, 3, 4, 5, 6, 7, 8, 9, 10, 13, 15, 16, 19, 22, 38, 54, 102, 115], "summary": {"covered_lines": 18, "num_statements": 18, "percent_covered": 100.0, "percent_covered_display": "100.00", "missing_lines": 0, "excluded_lines": 0, "percent_statements_covered": 100.0, "percent_statements_covered_display": "100.00"}, "missing_lines": [], "excluded_lines": [], "start_line": 1}}, "classes": {"TokenData": {"executed_lines": [], "summary": {"covered_lines": 0, "num_statements": 0, "percent_covered": 100.0, "percent_covered_display": "100.00", "missing_lines": 0, "excluded_lines": 0, "percent_statements_covered": 100.0, "percent_statements_covered_display": "100.00"}, "missing_lines": [], "excluded_lines": [], "start_line": 13}, "JWTAuth": {"executed_lines": [31, 32, 34, 35, 36, 48, 49, 50, 51, 52, 67, 68, 69, 70, 75, 78, 79, 84, 85, 90, 91, 95, 96], "summary": {"covered_lines": 23, "num_statements": 25, "percent_covered": 92.0, "percent_covered_display": "92.00", "missing_lines": 2, "excluded_lines": 0, "percent_statements_covered": 92.0, "percent_statements_covered_display": "92.00"}, "missing_lines": [71, 86], "excluded_lines": [], "start_line": 19}, "": {"executed_lines": [2, 3, 4, 5, 6, 7, 8, 9, 10, 13, 15, 16, 19, 22, 38, 54, 102, 112, 115], "summary": {"covered_lines": 19, "num_statements": 40, "percent_covered": 47.5, "percent_covered_display": "47.50", "missing_lines": 21, "excluded_lines": 0, "percent_statements_covered": 47.5, "percent_statements_covered_display": "47.50"}, "missing_lines": [125, 126, 127, 128, 130, 133, 137, 138, 143, 144, 145, 150, 151, 154, 155, 156, 158, 159, 160, 165, 166], "excluded_lines": [], "start_line": 1}}}, "mahavishnu/core/backup_recovery.py": {"executed_lines": [2, 3, 4, 5, 6, 7, 8, 9, 10, 11, 12, 13, 14, 16, 20, 21, 24, 25, 27, 28, 29, 30, 31, 32, 33, 36, 39, 40, 41, 42, 43, 46, 52, 54, 55, 57, 59, 60, 63, 64, 65, 68, 69, 70, 73, 82, 83, 86, 87, 88, 89, 90, 93, 96, 99, 109, 112, 114, 120, 122, 124, 130, 131, 132, 133, 134, 139, 141, 143, 146, 147, 148, 153, 155, 156, 157, 158, 159, 161, 163, 165, 166, 169, 170, 171, 172, 174, 176, 177, 178, 180, 182, 183, 193, 196, 197, 200, 201, 204, 205, 208, 209, 210, 212, 219, 220, 222, 259, 265, 284, 286, 287, 289, 290, 292, 295, 296, 299, 309, 315, 316, 318, 320, 322, 325, 326, 327, 330, 331, 333, 335, 336, 337, 338, 339, 340, 341, 343, 357, 360, 361, 362, 363, 364, 366, 368, 375, 376, 383, 384, 386, 399, 402, 406, 408, 414, 415, 417, 419, 465, 471, 477, 479, 507, 510, 511, 512, 513, 515, 517, 518, 519, 532, 534, 535, 536, 555, 569, 571, 572, 573, 583], "summary": {"covered_lines": 182, "num_statements": 280, "percent_covered": 65.0, "percent_covered_display": "65.00", "missing_lines": 98, "excluded_lines": 2, "percent_statements_covered": 65.0, "percent_statements_covered_display": "65.00"}, "missing_lines": [116, 117, 118, 136, 137, 150, 151, 184, 185, 187, 189, 190, 213, 214, 215, 216, 217, 224, 226, 227, 229, 231, 235, 236, 239, 240, 243, 244, 245, 248, 249, 250, 252, 253, 255, 256, 257, 263, 267, 268, 269, 270, 273, 274, 275, 277, 282, 311, 312, 323, 352, 353, 354, 387, 389, 390, 391, 393, 394, 395, 396, 397, 403, 404, 425, 426, 428, 430, 431, 432, 433, 437, 440, 442, 444, 446, 453, 458, 459, 460, 469, 475, 526, 527, 549, 550, 557, 558, 559, 563, 564, 577, 578, 585, 586, 587, 591, 592], "excluded_lines": [18, 19], "functions": {"BackupManager.__init__": {"executed_lines": [40, 41, 42, 43, 46], "summary": {"covered_lines": 5, "num_statements": 5, "percent_covered": 100.0, "percent_covered_display": "100.00", "missing_lines": 0, "excluded_lines": 0, "percent_statements_covered": 100.0, "percent_statements_covered_display": "100.00"}, "missing_lines": [], "excluded_lines": [], "start_line": 39}, "BackupManager.create_backup": {"executed_lines": [54, 55, 57, 59, 60, 63, 64, 65, 68, 69, 70, 73, 82, 83, 86, 87, 88, 89, 90, 93, 96, 99, 109, 112, 114], "summary": {"covered_lines": 25, "num_statements": 28, "percent_covered": 89.28571428571429, "percent_covered_display": "89.29", "missing_lines": 3, "excluded_lines": 0, "percent_statements_covered": 89.28571428571429, "percent_statements_covered_display": "89.29"}, "missing_lines": [116, 117, 118], "excluded_lines": [], "start_line": 52}, "BackupManager._backup_config": {"executed_lines": [122, 124, 130, 131, 132, 133, 134], "summary": {"covered_lines": 7, "num_statements": 9, "percent_covered": 77.77777777777777, "percent_covered_display": "77.78", "missing_lines": 2, "excluded_lines": 0, "percent_statements_covered": 77.77777777777777, "percent_statements_covered_display": "77.78"}, "missing_lines": [136, 137], "excluded_lines": [], "start_line": 120}, "BackupManager._backup_workflows": {"executed_lines": [141, 143, 146, 147, 148], "summary": {"covered_lines": 5, "num_statements": 7, "percent_covered": 71.42857142857143, "percent_covered_display": "71.43", "missing_lines": 2, "excluded_lines": 0, "percent_statements_covered": 71.42857142857143, "percent_statements_covered_display": "71.43"}, "missing_lines": [150, 151], "excluded_lines": [], "start_line": 139}, "BackupManager._calculate_checksum": {"executed_lines": [155, 156, 157, 158, 159], "summary": {"covered_lines": 5, "num_statements": 5, "percent_covered": 100.0, "percent_covered_display": "100.00", "missing_lines": 0, "excluded_lines": 0, "percent_statements_covered": 100.0, "percent_statements_covered_display": "100.00"}, "missing_lines": [], "excluded_lines": [], "start_line": 153}, "BackupManager._cleanup_old_backups": {"executed_lines": [163, 165, 166, 169, 170, 171, 172, 174, 176, 177, 178, 180, 182, 183, 193, 196, 197, 200, 201, 204, 205, 208, 209, 210, 212, 219, 220], "summary": {"covered_lines": 27, "num_statements": 37, "percent_covered": 72.97297297297297, "percent_covered_display": "72.97", "missing_lines": 10, "excluded_lines": 0, "percent_statements_covered": 72.97297297297297, "percent_statements_covered_display": "72.97"}, "missing_lines": [184, 185, 187, 189, 190, 213, 214, 215, 216, 217], "excluded_lines": [], "start_line": 161}, "BackupManager.restore_backup": {"executed_lines": [], "summary": {"covered_lines": 0, "num_statements": 20, "percent_covered": 0.0, "percent_covered_display": "0.00", "missing_lines": 20, "excluded_lines": 0, "percent_statements_covered": 0.0, "percent_statements_covered_display": "0.00"}, "missing_lines": [224, 226, 227, 229, 231, 235, 236, 239, 240, 243, 244, 245, 248, 249, 250, 252, 253, 255, 256, 257], "excluded_lines": [], "start_line": 222}, "BackupManager._restore_config": {"executed_lines": [], "summary": {"covered_lines": 0, "num_statements": 1, "percent_covered": 0.0, "percent_covered_display": "0.00", "missing_lines": 1, "excluded_lines": 0, "percent_statements_covered": 0.0, "percent_statements_covered_display": "0.00"}, "missing_lines": [263], "excluded_lines": [], "start_line": 259}, "BackupManager._restore_workflows": {"executed_lines": [], "summary": {"covered_lines": 0, "num_statements": 9, "percent_covered": 0.0, "percent_covered_display": "0.00", "missing_lines": 9, "excluded_lines": 0, "percent_statements_covered": 0.0, "percent_statements_covered_display": "0.00"}, "missing_lines": [267, 268, 269, 270, 273, 274, 275, 277, 282], "excluded_lines": [], "start_line": 265}, "BackupManager.list_backups": {"executed_lines": [286, 287, 289, 290, 292, 295, 296, 299, 309, 315, 316], "summary": {"covered_lines": 11, "num_statements": 13, "percent_covered": 84.61538461538461, "percent_covered_display": "84.62", "missing_lines": 2, "excluded_lines": 0, "percent_statements_covered": 84.61538461538461, "percent_statements_covered_display": "84.62"}, "missing_lines": [311, 312], "excluded_lines": [], "start_line": 284}, "BackupManager.get_backup_info": {"executed_lines": [320, 322, 325, 326, 327, 330, 331, 333, 335, 336, 337, 338, 339, 340, 341, 343], "summary": {"covered_lines": 16, "num_statements": 20, "percent_covered": 80.0, "percent_covered_display": "80.00", "missing_lines": 4, "excluded_lines": 0, "percent_statements_covered": 80.0, "percent_statements_covered_display": "80.00"}, "missing_lines": [323, 352, 353, 354], "excluded_lines": [], "start_line": 318}, "DisasterRecoveryManager.__init__": {"executed_lines": [361, 362, 363, 364], "summary": {"covered_lines": 4, "num_statements": 4, "percent_covered": 100.0, "percent_covered_display": "100.00", "missing_lines": 0, "excluded_lines": 0, "percent_statements_covered": 100.0, "percent_statements_covered_display": "100.00"}, "missing_lines": [], "excluded_lines": [], "start_line": 360}, "DisasterRecoveryManager.run_disaster_recovery_check": {"executed_lines": [368, 375, 376, 383, 384, 386, 399, 402, 406, 408, 414, 415, 417], "summary": {"covered_lines": 13, "num_statements": 24, "percent_covered": 54.166666666666664, "percent_covered_display": "54.17", "missing_lines": 11, "excluded_lines": 0, "percent_statements_covered": 54.166666666666664, "percent_statements_covered_display": "54.17"}, "missing_lines": [387, 389, 390, 391, 393, 394, 395, 396, 397, 403, 404], "excluded_lines": [], "start_line": 366}, "DisasterRecoveryManager.initiate_disaster_recovery": {"executed_lines": [], "summary": {"covered_lines": 0, "num_statements": 16, "percent_covered": 0.0, "percent_covered_display": "0.00", "missing_lines": 16, "excluded_lines": 0, "percent_statements_covered": 0.0, "percent_statements_covered_display": "0.00"}, "missing_lines": [425, 426, 428, 430, 431, 432, 433, 437, 440, 442, 444, 446, 453, 458, 459, 460], "excluded_lines": [], "start_line": 419}, "DisasterRecoveryManager._restart_services": {"executed_lines": [], "summary": {"covered_lines": 0, "num_statements": 1, "percent_covered": 0.0, "percent_covered_display": "0.00", "missing_lines": 1, "excluded_lines": 0, "percent_statements_covered": 0.0, "percent_statements_covered_display": "0.00"}, "missing_lines": [469], "excluded_lines": [], "start_line": 465}, "DisasterRecoveryManager.schedule_regular_backups": {"executed_lines": [], "summary": {"covered_lines": 0, "num_statements": 1, "percent_covered": 0.0, "percent_covered_display": "0.00", "missing_lines": 1, "excluded_lines": 0, "percent_statements_covered": 0.0, "percent_statements_covered_display": "0.00"}, "missing_lines": [475], "excluded_lines": [], "start_line": 471}, "DisasterRecoveryManager.get_recovery_procedures": {"executed_lines": [479], "summary": {"covered_lines": 1, "num_statements": 1, "percent_covered": 100.0, "percent_covered_display": "100.00", "missing_lines": 0, "excluded_lines": 0, "percent_statements_covered": 100.0, "percent_statements_covered_display": "100.00"}, "missing_lines": [], "excluded_lines": [], "start_line": 477}, "BackupAndRecoveryCLI.__init__": {"executed_lines": [511, 512, 513], "summary": {"covered_lines": 3, "num_statements": 3, "percent_covered": 100.0, "percent_covered_display": "100.00", "missing_lines": 0, "excluded_lines": 0, "percent_statements_covered": 100.0, "percent_statements_covered_display": "100.00"}, "missing_lines": [], "excluded_lines": [], "start_line": 510}, "BackupAndRecoveryCLI.create_backup": {"executed_lines": [517, 518, 519], "summary": {"covered_lines": 3, "num_statements": 5, "percent_covered": 60.0, "percent_covered_display": "60.00", "missing_lines": 2, "excluded_lines": 0, "percent_statements_covered": 60.0, "percent_statements_covered_display": "60.00"}, "missing_lines": [526, 527], "excluded_lines": [], "start_line": 515}, "BackupAndRecoveryCLI.list_backups": {"executed_lines": [534, 535, 536], "summary": {"covered_lines": 3, "num_statements": 5, "percent_covered": 60.0, "percent_covered_display": "60.00", "missing_lines": 2, "excluded_lines": 0, "percent_statements_covered": 60.0, "percent_statements_covered_display": "60.00"}, "missing_lines": [549, 550], "excluded_lines": [], "start_line": 532}, "BackupAndRecoveryCLI.restore_backup": {"executed_lines": [], "summary": {"covered_lines": 0, "num_statements": 5, "percent_covered": 0.0, "percent_covered_display": "0.00", "missing_lines": 5, "excluded_lines": 0, "percent_statements_covered": 0.0, "percent_statements_covered_display": "0.00"}, "missing_lines": [557, 558, 559, 563, 564], "excluded_lines": [], "start_line": 555}, "BackupAndRecoveryCLI.run_disaster_recovery_check": {"executed_lines": [571, 572, 573], "summary": {"covered_lines": 3, "num_statements": 5, "percent_covered": 60.0, "percent_covered_display": "60.00", "missing_lines": 2, "excluded_lines": 0, "percent_statements_covered": 60.0, "percent_statements_covered_display": "60.00"}, "missing_lines": [577, 578], "excluded_lines": [], "start_line": 569}, "BackupAndRecoveryCLI.get_recovery_procedures": {"executed_lines": [], "summary": {"covered_lines": 0, "num_statements": 5, "percent_covered": 0.0, "percent_covered_display": "0.00", "missing_lines": 5, "excluded_lines": 0, "percent_statements_covered": 0.0, "percent_statements_covered_display": "0.00"}, "missing_lines": [585, 586, 587, 591, 592], "excluded_lines": [], "start_line": 583}, "": {"executed_lines": [2, 3, 4, 5, 6, 7, 8, 9, 10, 11, 12, 13, 14, 16, 20, 21, 24, 25, 27, 28, 29, 30, 31, 32, 33, 36, 39, 52, 120, 139, 153, 161, 222, 259, 265, 284, 318, 357, 360, 366, 419, 465, 471, 477, 507, 510, 515, 532, 555, 569, 583], "summary": {"covered_lines": 51, "num_statements": 51, "percent_covered": 100.0, "percent_covered_display": "100.00", "missing_lines": 0, "excluded_lines": 2, "percent_statements_covered": 100.0, "percent_statements_covered_display": "100.00"}, "missing_lines": [], "excluded_lines": [18, 19], "start_line": 1}}, "classes": {"BackupInfo": {"executed_lines": [], "summary": {"covered_lines": 0, "num_statements": 0, "percent_covered": 100.0, "percent_covered_display": "100.00", "missing_lines": 0, "excluded_lines": 0, "percent_statements_covered": 100.0, "percent_statements_covered_display": "100.00"}, "missing_lines": [], "excluded_lines": [], "start_line": 25}, "BackupManager": {"executed_lines": [40, 41, 42, 43, 46, 54, 55, 57, 59, 60, 63, 64, 65, 68, 69, 70, 73, 82, 83, 86, 87, 88, 89, 90, 93, 96, 99, 109, 112, 114, 122, 124, 130, 131, 132, 133, 134, 141, 143, 146, 147, 148, 155, 156, 157, 158, 159, 163, 165, 166, 169, 170, 171, 172, 174, 176, 177, 178, 180, 182, 183, 193, 196, 197, 200, 201, 204, 205, 208, 209, 210, 212, 219, 220, 286, 287, 289, 290, 292, 295, 296, 299, 309, 315, 316, 320, 322, 325, 326, 327, 330, 331, 333, 335, 336, 337, 338, 339, 340, 341, 343], "summary": {"covered_lines": 101, "num_statements": 154, "percent_covered": 65.58441558441558, "percent_covered_display": "65.58", "missing_lines": 53, "excluded_lines": 0, "percent_statements_covered": 65.58441558441558, "percent_statements_covered_display": "65.58"}, "missing_lines": [116, 117, 118, 136, 137, 150, 151, 184, 185, 187, 189, 190, 213, 214, 215, 216, 217, 224, 226, 227, 229, 231, 235, 236, 239, 240, 243, 244, 245, 248, 249, 250, 252, 253, 255, 256, 257, 263, 267, 268, 269, 270, 273, 274, 275, 277, 282, 311, 312, 323, 352, 353, 354], "excluded_lines": [], "start_line": 36}, "DisasterRecoveryManager": {"executed_lines": [361, 362, 363, 364, 368, 375, 376, 383, 384, 386, 399, 402, 406, 408, 414, 415, 417, 479], "summary": {"covered_lines": 18, "num_statements": 47, "percent_covered": 38.297872340425535, "percent_covered_display": "38.30", "missing_lines": 29, "excluded_lines": 0, "percent_statements_covered": 38.297872340425535, "percent_statements_covered_display": "38.30"}, "missing_lines": [387, 389, 390, 391, 393, 394, 395, 396, 397, 403, 404, 425, 426, 428, 430, 431, 432, 433, 437, 440, 442, 444, 446, 453, 458, 459, 460, 469, 475], "excluded_lines": [], "start_line": 357}, "BackupAndRecoveryCLI": {"executed_lines": [511, 512, 513, 517, 518, 519, 534, 535, 536, 571, 572, 573], "summary": {"covered_lines": 12, "num_statements": 28, "percent_covered": 42.857142857142854, "percent_covered_display": "42.86", "missing_lines": 16, "excluded_lines": 0, "percent_statements_covered": 42.857142857142854, "percent_statements_covered_display": "42.86"}, "missing_lines": [526, 527, 549, 550, 557, 558, 559, 563, 564, 577, 578, 585, 586, 587, 591, 592], "excluded_lines": [], "start_line": 507}, "": {"executed_lines": [2, 3, 4, 5, 6, 7, 8, 9, 10, 11, 12, 13, 14, 16, 20, 21, 24, 25, 27, 28, 29, 30, 31, 32, 33, 36, 39, 52, 120, 139, 153, 161, 222, 259, 265, 284, 318, 357, 360, 366, 419, 465, 471, 477, 507, 510, 515, 532, 555, 569, 583], "summary": {"covered_lines": 51, "num_statements": 51, "percent_covered": 100.0, "percent_covered_display": "100.00", "missing_lines": 0, "excluded_lines": 2, "percent_statements_covered": 100.0, "percent_statements_covered_display": "100.00"}, "missing_lines": [], "excluded_lines": [18, 19], "start_line": 1}}}, "mahavishnu/core/circuit_breaker.py": {"executed_lines": [2, 3, 4, 5, 6, 9, 11, 12, 13, 16, 19, 31, 32, 33, 35, 36, 37, 38, 40, 49, 56, 76, 103], "summary": {"covered_lines": 23, "num_statements": 62, "percent_covered": 37.096774193548384, "percent_covered_display": "37.10", "missing_lines": 39, "excluded_lines": 0, "percent_statements_covered": 37.096774193548384, "percent_statements_covered_display": "37.10"}, "missing_lines": [42, 43, 45, 46, 47, 51, 52, 53, 54, 62, 63, 64, 66, 67, 68, 69, 70, 71, 72, 74, 90, 91, 93, 94, 95, 96, 97, 98, 99, 105, 107, 108, 109, 111, 112, 114, 115, 117, 119], "excluded_lines": [], "functions": {"CircuitBreaker.__init__": {"executed_lines": [31, 32, 33, 35, 36, 37, 38], "summary": {"covered_lines": 7, "num_statements": 7, "percent_covered": 100.0, "percent_covered_display": "100.00", "missing_lines": 0, "excluded_lines": 0, "percent_statements_covered": 100.0, "percent_statements_covered_display": "100.00"}, "missing_lines": [], "excluded_lines": [], "start_line": 19}, "CircuitBreaker.record_failure": {"executed_lines": [], "summary": {"covered_lines": 0, "num_statements": 5, "percent_covered": 0.0, "percent_covered_display": "0.00", "missing_lines": 5, "excluded_lines": 0, "percent_statements_covered": 0.0, "percent_statements_covered_display": "0.00"}, "missing_lines": [42, 43, 45, 46, 47], "excluded_lines": [], "start_line": 40}, "CircuitBreaker.record_success": {"executed_lines": [], "summary": {"covered_lines": 0, "num_statements": 4, "percent_covered": 0.0, "percent_covered_display": "0.00", "missing_lines": 4, "excluded_lines": 0, "percent_statements_covered": 0.0, "percent_statements_covered_display": "0.00"}, "missing_lines": [51, 52, 53, 54], "excluded_lines": [], "start_line": 49}, "CircuitBreaker.allow_request": {"executed_lines": [], "summary": {"covered_lines": 0, "num_statements": 11, "percent_covered": 0.0, "percent_covered_display": "0.00", "missing_lines": 11, "excluded_lines": 0, "percent_statements_covered": 0.0, "percent_statements_covered_display": "0.00"}, "missing_lines": [62, 63, 64, 66, 67, 68, 69, 70, 71, 72, 74], "excluded_lines": [], "start_line": 56}, "CircuitBreaker.call": {"executed_lines": [], "summary": {"covered_lines": 0, "num_statements": 9, "percent_covered": 0.0, "percent_covered_display": "0.00", "missing_lines": 9, "excluded_lines": 0, "percent_statements_covered": 0.0, "percent_statements_covered_display": "0.00"}, "missing_lines": [90, 91, 93, 94, 95, 96, 97, 98, 99], "excluded_lines": [], "start_line": 76}, "circuit_breaker": {"executed_lines": [], "summary": {"covered_lines": 0, "num_statements": 3, "percent_covered": 0.0, "percent_covered_display": "0.00", "missing_lines": 3, "excluded_lines": 0, "percent_statements_covered": 0.0, "percent_statements_covered_display": "0.00"}, "missing_lines": [105, 107, 119], "excluded_lines": [], "start_line": 103}, "circuit_breaker.decorator": {"executed_lines": [], "summary": {"covered_lines": 0, "num_statements": 5, "percent_covered": 0.0, "percent_covered_display": "0.00", "missing_lines": 5, "excluded_lines": 0, "percent_statements_covered": 0.0, "percent_statements_covered_display": "0.00"}, "missing_lines": [108, 111, 114, 115, 117], "excluded_lines": [], "start_line": 107}, "circuit_breaker.decorator.async_wrapper": {"executed_lines": [], "summary": {"covered_lines": 0, "num_statements": 1, "percent_covered": 0.0, "percent_covered_display": "0.00", "missing_lines": 1, "excluded_lines": 0, "percent_statements_covered": 0.0, "percent_statements_covered_display": "0.00"}, "missing_lines": [109], "excluded_lines": [], "start_line": 108}, "circuit_breaker.decorator.sync_wrapper": {"executed_lines": [], "summary": {"covered_lines": 0, "num_statements": 1, "percent_covered": 0.0, "percent_covered_display": "0.00", "missing_lines": 1, "excluded_lines": 0, "percent_statements_covered": 0.0, "percent_statements_covered_display": "0.00"}, "missing_lines": [112], "excluded_lines": [], "start_line": 111}, "": {"executed_lines": [2, 3, 4, 5, 6, 9, 11, 12, 13, 16, 19, 40, 49, 56, 76, 103], "summary": {"covered_lines": 16, "num_statements": 16, "percent_covered": 100.0, "percent_covered_display": "100.00", "missing_lines": 0, "excluded_lines": 0, "percent_statements_covered": 100.0, "percent_statements_covered_display": "100.00"}, "missing_lines": [], "excluded_lines": [], "start_line": 1}}, "classes": {"CircuitState": {"executed_lines": [], "summary": {"covered_lines": 0, "num_statements": 0, "percent_covered": 100.0, "percent_covered_display": "100.00", "missing_lines": 0, "excluded_lines": 0, "percent_statements_covered": 100.0, "percent_statements_covered_display": "100.00"}, "missing_lines": [], "excluded_lines": [], "start_line": 9}, "CircuitBreaker": {"executed_lines": [31, 32, 33, 35, 36, 37, 38], "summary": {"covered_lines": 7, "num_statements": 36, "percent_covered": 19.444444444444443, "percent_covered_display": "19.44", "missing_lines": 29, "excluded_lines": 0, "percent_statements_covered": 19.444444444444443, "percent_statements_covered_display": "19.44"}, "missing_lines": [42, 43, 45, 46, 47, 51, 52, 53, 54, 62, 63, 64, 66, 67, 68, 69, 70, 71, 72, 74, 90, 91, 93, 94, 95, 96, 97, 98, 99], "excluded_lines": [], "start_line": 16}, "": {"executed_lines": [2, 3, 4, 5, 6, 9, 11, 12, 13, 16, 19, 40, 49, 56, 76, 103], "summary": {"covered_lines": 16, "num_statements": 26, "percent_covered": 61.53846153846154, "percent_covered_display": "61.54", "missing_lines": 10, "excluded_lines": 0, "percent_statements_covered": 61.53846153846154, "percent_statements_covered_display": "61.54"}, "missing_lines": [105, 107, 108, 109, 111, 112, 114, 115, 117, 119], "excluded_lines": [], "start_line": 1}}}, "mahavishnu/core/config.py": {"executed_lines": [8, 9, 11, 12, 13, 15, 18, 47, 55, 59, 65, 73, 77, 81, 87, 91, 97, 101, 109, 113, 121, 127, 133, 139, 147, 151, 155, 161, 165, 169, 173, 181, 185, 189, 193, 201, 205, 209, 213, 217, 221, 225, 231, 237, 243, 248, 249, 250, 252, 257, 259, 260, 261, 263, 268, 270, 271, 272, 274, 276, 277, 287, 288, 289, 290, 291, 295], "summary": {"covered_lines": 67, "num_statements": 69, "percent_covered": 97.10144927536231, "percent_covered_display": "97.10", "missing_lines": 2, "excluded_lines": 0, "percent_statements_covered": 97.10144927536231, "percent_statements_covered_display": "97.10"}, "missing_lines": [253, 264], "excluded_lines": [], "functions": {"MahavishnuSettings.validate_auth_secret": {"executed_lines": [252, 257], "summary": {"covered_lines": 2, "num_statements": 3, "percent_covered": 66.66666666666667, "percent_covered_display": "66.67", "missing_lines": 1, "excluded_lines": 0, "percent_statements_covered": 66.66666666666667, "percent_statements_covered_display": "66.67"}, "missing_lines": [253], "excluded_lines": [], "start_line": 250}, "MahavishnuSettings.validate_subscription_auth_secret": {"executed_lines": [263, 268], "summary": {"covered_lines": 2, "num_statements": 3, "percent_covered": 66.66666666666667, "percent_covered_display": "66.67", "missing_lines": 1, "excluded_lines": 0, "percent_statements_covered": 66.66666666666667, "percent_statements_covered_display": "66.67"}, "missing_lines": [264], "excluded_lines": [], "start_line": 261}, "MahavishnuSettings.validate_repos_path": {"executed_lines": [274], "summary": {"covered_lines": 1, "num_statements": 1, "percent_covered": 100.0, "percent_covered_display": "100.00", "missing_lines": 0, "excluded_lines": 0, "percent_statements_covered": 100.0, "percent_statements_covered_display": "100.00"}, "missing_lines": [], "excluded_lines": [], "start_line": 272}, "MahavishnuSettings.settings_customise_sources": {"executed_lines": [287, 288, 289, 290, 291, 295], "summary": {"covered_lines": 6, "num_statements": 6, "percent_covered": 100.0, "percent_covered_display": "100.00", "missing_lines": 0, "excluded_lines": 0, "percent_statements_covered": 100.0, "percent_statements_covered_display": "100.00"}, "missing_lines": [], "excluded_lines": [], "start_line": 277}, "": {"executed_lines": [8, 9, 11, 12, 13, 15, 18, 47, 55, 59, 65, 73, 77, 81, 87, 91, 97, 101, 109, 113, 121, 127, 133, 139, 147, 151, 155, 161, 165, 169, 173, 181, 185, 189, 193, 201, 205, 209, 213, 217, 221, 225, 231, 237, 243, 248, 249, 250, 259, 260, 261, 270, 271, 272, 276, 277], "summary": {"covered_lines": 56, "num_statements": 56, "percent_covered": 100.0, "percent_covered_display": "100.00", "missing_lines": 0, "excluded_lines": 0, "percent_statements_covered": 100.0, "percent_statements_covered_display": "100.00"}, "missing_lines": [], "excluded_lines": [], "start_line": 1}}, "classes": {"MahavishnuSettings": {"executed_lines": [252, 257, 263, 268, 274, 287, 288, 289, 290, 291, 295], "summary": {"covered_lines": 11, "num_statements": 13, "percent_covered": 84.61538461538461, "percent_covered_display": "84.62", "missing_lines": 2, "excluded_lines": 0, "percent_statements_covered": 84.61538461538461, "percent_statements_covered_display": "84.62"}, "missing_lines": [253, 264], "excluded_lines": [], "start_line": 18}, "": {"executed_lines": [8, 9, 11, 12, 13, 15, 18, 47, 55, 59, 65, 73, 77, 81, 87, 91, 97, 101, 109, 113, 121, 127, 133, 139, 147, 151, 155, 161, 165, 169, 173, 181, 185, 189, 193, 201, 205, 209, 213, 217, 221, 225, 231, 237, 243, 248, 249, 250, 259, 260, 261, 270, 271, 272, 276, 277], "summary": {"covered_lines": 56, "num_statements": 56, "percent_covered": 100.0, "percent_covered_display": "100.00", "missing_lines": 0, "excluded_lines": 0, "percent_statements_covered": 100.0, "percent_statements_covered_display": "100.00"}, "missing_lines": [], "excluded_lines": [], "start_line": 1}}}, "mahavishnu/core/errors.py": {"executed_lines": [7, 10, 13, 24, 25, 26, 28, 41, 44, 47, 50, 53, 56, 59, 62, 65, 68, 71, 74, 77, 80], "summary": {"covered_lines": 21, "num_statements": 22, "percent_covered": 95.45454545454545, "percent_covered_display": "95.45", "missing_lines": 1, "excluded_lines": 0, "percent_statements_covered": 95.45454545454545, "percent_statements_covered_display": "95.45"}, "missing_lines": [34], "excluded_lines": [], "functions": {"MahavishnuError.__init__": {"executed_lines": [24, 25, 26], "summary": {"covered_lines": 3, "num_statements": 3, "percent_covered": 100.0, "percent_covered_display": "100.00", "missing_lines": 0, "excluded_lines": 0, "percent_statements_covered": 100.0, "percent_statements_covered_display": "100.00"}, "missing_lines": [], "excluded_lines": [], "start_line": 13}, "MahavishnuError.to_dict": {"executed_lines": [], "summary": {"covered_lines": 0, "num_statements": 1, "percent_covered": 0.0, "percent_covered_display": "0.00", "missing_lines": 1, "excluded_lines": 0, "percent_statements_covered": 0.0, "percent_statements_covered_display": "0.00"}, "missing_lines": [34], "excluded_lines": [], "start_line": 28}, "": {"executed_lines": [7, 10, 13, 28, 41, 44, 47, 50, 53, 56, 59, 62, 65, 68, 71, 74, 77, 80], "summary": {"covered_lines": 18, "num_statements": 18, "percent_covered": 100.0, "percent_covered_display": "100.00", "missing_lines": 0, "excluded_lines": 0, "percent_statements_covered": 100.0, "percent_statements_covered_display": "100.00"}, "missing_lines": [], "excluded_lines": [], "start_line": 1}}, "classes": {"MahavishnuError": {"executed_lines": [24, 25, 26], "summary": {"covered_lines": 3, "num_statements": 4, "percent_covered": 75.0, "percent_covered_display": "75.00", "missing_lines": 1, "excluded_lines": 0, "percent_statements_covered": 75.0, "percent_statements_covered_display": "75.00"}, "missing_lines": [34], "excluded_lines": [], "start_line": 10}, "ConfigurationError": {"executed_lines": [], "summary": {"covered_lines": 0, "num_statements": 0, "percent_covered": 100.0, "percent_covered_display": "100.00", "missing_lines": 0, "excluded_lines": 0, "percent_statements_covered": 100.0, "percent_statements_covered_display": "100.00"}, "missing_lines": [], "excluded_lines": [], "start_line": 41}, "ValidationError": {"executed_lines": [], "summary": {"covered_lines": 0, "num_statements": 0, "percent_covered": 100.0, "percent_covered_display": "100.00", "missing_lines": 0, "excluded_lines": 0, "percent_statements_covered": 100.0, "percent_statements_covered_display": "100.00"}, "missing_lines": [], "excluded_lines": [], "start_line": 47}, "RepositoryError": {"executed_lines": [], "summary": {"covered_lines": 0, "num_statements": 0, "percent_covered": 100.0, "percent_covered_display": "100.00", "missing_lines": 0, "excluded_lines": 0, "percent_statements_covered": 100.0, "percent_statements_covered_display": "100.00"}, "missing_lines": [], "excluded_lines": [], "start_line": 53}, "AdapterError": {"executed_lines": [], "summary": {"covered_lines": 0, "num_statements": 0, "percent_covered": 100.0, "percent_covered_display": "100.00", "missing_lines": 0, "excluded_lines": 0, "percent_statements_covered": 100.0, "percent_statements_covered_display": "100.00"}, "missing_lines": [], "excluded_lines": [], "start_line": 59}, "WorkflowError": {"executed_lines": [], "summary": {"covered_lines": 0, "num_statements": 0, "percent_covered": 100.0, "percent_covered_display": "100.00", "missing_lines": 0, "excluded_lines": 0, "percent_statements_covered": 100.0, "percent_statements_covered_display": "100.00"}, "missing_lines": [], "excluded_lines": [], "start_line": 65}, "AuthenticationError": {"executed_lines": [], "summary": {"covered_lines": 0, "num_statements": 0, "percent_covered": 100.0, "percent_covered_display": "100.00", "missing_lines": 0, "excluded_lines": 0, "percent_statements_covered": 100.0, "percent_statements_covered_display": "100.00"}, "missing_lines": [], "excluded_lines": [], "start_line": 71}, "AuthorizationError": {"executed_lines": [], "summary": {"covered_lines": 0, "num_statements": 0, "percent_covered": 100.0, "percent_covered_display": "100.00", "missing_lines": 0, "excluded_lines": 0, "percent_statements_covered": 100.0, "percent_statements_covered_display": "100.00"}, "missing_lines": [], "excluded_lines": [], "start_line": 77}, "": {"executed_lines": [7, 10, 13, 28, 41, 44, 47, 50, 53, 56, 59, 62, 65, 68, 71, 74, 77, 80], "summary": {"covered_lines": 18, "num_statements": 18, "percent_covered": 100.0, "percent_covered_display": "100.00", "missing_lines": 0, "excluded_lines": 0, "percent_statements_covered": 100.0, "percent_statements_covered_display": "100.00"}, "missing_lines": [], "excluded_lines": [], "start_line": 1}}}, "mahavishnu/core/monitoring.py": {"executed_lines": [2, 3, 4, 5, 6, 7, 8, 9, 10, 11, 12, 13, 15, 19, 20, 23, 25, 26, 27, 28, 31, 33, 34, 35, 36, 37, 38, 41, 42, 44, 45, 46, 47, 48, 49, 50, 51, 52, 53, 56, 59, 60, 61, 62, 63, 64, 67, 70, 72, 75, 76, 77, 78, 79, 81, 83, 84, 85, 87, 91, 100, 102, 112, 115, 116, 117, 118, 123, 125, 126, 128, 130, 131, 132, 133, 134, 135, 136, 138, 140, 142, 144, 150, 153, 156, 157, 158, 165, 167, 169, 171, 174, 178, 180, 182, 184, 187, 188, 189, 191, 192, 194, 210, 231, 268, 305, 340, 343, 346, 351, 354, 362, 396, 399, 404, 443, 446, 450, 494, 497, 498, 499, 501, 503, 505, 507, 508, 511, 512, 513, 516, 519, 522, 524, 539, 541, 542, 543, 544, 548, 552, 554, 556, 557, 558, 559, 560, 561, 562, 564, 566, 568, 571, 572, 574, 577, 579, 581, 585, 586, 588, 602, 605, 606, 607, 608, 611, 613, 615, 616, 618, 624, 626, 627, 628], "summary": {"covered_lines": 175, "num_statements": 301, "percent_covered": 58.13953488372093, "percent_covered_display": "58.14", "missing_lines": 126, "excluded_lines": 3, "percent_statements_covered": 58.13953488372093, "percent_statements_covered_display": "58.14"}, "missing_lines": [89, 119, 120, 145, 146, 147, 148, 159, 161, 162, 163, 176, 190, 196, 197, 199, 200, 201, 202, 205, 206, 207, 208, 212, 214, 215, 216, 217, 218, 220, 221, 228, 229, 233, 235, 236, 241, 242, 244, 245, 246, 247, 248, 249, 251, 262, 264, 265, 266, 270, 271, 272, 275, 276, 277, 289, 290, 291, 292, 302, 303, 307, 308, 309, 311, 313, 314, 323, 324, 325, 326, 336, 337, 344, 355, 356, 357, 358, 359, 360, 364, 365, 366, 367, 368, 370, 382, 384, 385, 386, 387, 388, 389, 391, 392, 393, 400, 401, 402, 406, 407, 434, 435, 436, 438, 439, 440, 447, 448, 452, 453, 460, 476, 480, 486, 487, 489, 490, 491, 549, 550, 569, 575, 582, 629, 630], "excluded_lines": [17, 18, 348], "functions": {"AlertManager.__init__": {"executed_lines": [60, 61, 62, 63, 64, 67, 70], "summary": {"covered_lines": 7, "num_statements": 7, "percent_covered": 100.0, "percent_covered_display": "100.00", "missing_lines": 0, "excluded_lines": 0, "percent_statements_covered": 100.0, "percent_statements_covered_display": "100.00"}, "missing_lines": [], "excluded_lines": [], "start_line": 59}, "AlertManager._init_default_handlers": {"executed_lines": [75, 76, 77, 78, 79], "summary": {"covered_lines": 5, "num_statements": 5, "percent_covered": 100.0, "percent_covered_display": "100.00", "missing_lines": 0, "excluded_lines": 0, "percent_statements_covered": 100.0, "percent_statements_covered_display": "100.00"}, "missing_lines": [], "excluded_lines": [], "start_line": 72}, "AlertManager.register_handler": {"executed_lines": [83, 84, 85], "summary": {"covered_lines": 3, "num_statements": 3, "percent_covered": 100.0, "percent_covered_display": "100.00", "missing_lines": 0, "excluded_lines": 0, "percent_statements_covered": 100.0, "percent_statements_covered_display": "100.00"}, "missing_lines": [], "excluded_lines": [], "start_line": 81}, "AlertManager.register_notification_channel": {"executed_lines": [], "summary": {"covered_lines": 0, "num_statements": 1, "percent_covered": 0.0, "percent_covered_display": "0.00", "missing_lines": 1, "excluded_lines": 0, "percent_statements_covered": 0.0, "percent_statements_covered_display": "0.00"}, "missing_lines": [89], "excluded_lines": [], "start_line": 87}, "AlertManager.trigger_alert": {"executed_lines": [100, 102, 11
[...]
 "summary": {"covered_lines": 27, "num_statements": 27, "percent_covered": 100.0, "percent_covered_display": "100.00", "missing_lines": 0, "excluded_lines": 0, "percent_statements_covered": 100.0, "percent_statements_covered_display": "100.00"}, "missing_lines": [], "excluded_lines": [], "start_line": 1}}}, "mahavishnu/terminal/mcp_client.py": {"executed_lines": [3, 4, 5, 6, 8, 11, 24, 31, 32, 33, 34, 35, 37, 59, 70, 97, 155, 169, 171, 176, 180, 184, 200, 219, 243, 254], "summary": {"covered_lines": 26, "num_statements": 94, "percent_covered": 27.659574468085108, "percent_covered_display": "27.66", "missing_lines": 68, "excluded_lines": 0, "percent_statements_covered": 27.659574468085108, "percent_statements_covered_display": "27.66"}, "missing_lines": [43, 44, 51, 54, 56, 57, 61, 62, 63, 64, 65, 66, 67, 68, 72, 73, 75, 76, 77, 78, 79, 81, 82, 85, 86, 87, 88, 89, 91, 92, 94, 95, 110, 111, 114, 115, 116, 118, 120, 131, 132, 133, 134, 137, 140, 141, 142, 143, 145, 147, 148, 149, 150, 151, 152, 178, 182, 194, 198, 211, 233, 234, 235, 237, 241, 249, 260, 264], "excluded_lines": [], "functions": {"StdioMCPClient.__init__": {"executed_lines": [31, 32, 33, 34, 35], "summary": {"covered_lines": 5, "num_statements": 5, "percent_covered": 100.0, "percent_covered_display": "100.00", "missing_lines": 0, "excluded_lines": 0, "percent_statements_covered": 100.0, "percent_statements_covered_display": "100.00"}, "missing_lines": [], "excluded_lines": [], "start_line": 24}, "StdioMCPClient.start": {"executed_lines": [], "summary": {"covered_lines": 0, "num_statements": 6, "percent_covered": 0.0, "percent_covered_display": "0.00", "missing_lines": 6, "excluded_lines": 0, "percent_statements_covered": 0.0, "percent_statements_covered_display": "0.00"}, "missing_lines": [43, 44, 51, 54, 56, 57], "excluded_lines": [], "start_line": 37}, "StdioMCPClient.stop": {"executed_lines": [], "summary": {"covered_lines": 0, "num_statements": 8, "percent_covered": 0.0, "percent_covered_display": "0.00", "missing_lines": 8, "excluded_lines": 0, "percent_statements_covered": 0.0, "percent_statements_covered_display": "0.00"}, "missing_lines": [61, 62, 63, 64, 65, 66, 67, 68], "excluded_lines": [], "start_line": 59}, "StdioMCPClient._read_stdout": {"executed_lines": [], "summary": {"covered_lines": 0, "num_statements": 18, "percent_covered": 0.0, "percent_covered_display": "0.00", "missing_lines": 18, "excluded_lines": 0, "percent_statements_covered": 0.0, "percent_statements_covered_display": "0.00"}, "missing_lines": [72, 73, 75, 76, 77, 78, 79, 81, 82, 85, 86, 87, 88, 89, 91, 92, 94, 95], "excluded_lines": [], "start_line": 70}, "StdioMCPClient.call_tool": {"executed_lines": [], "summary": {"covered_lines": 0, "num_statements": 23, "percent_covered": 0.0, "percent_covered_display": "0.00", "missing_lines": 23, "excluded_lines": 0, "percent_statements_covered": 0.0, "percent_statements_covered_display": "0.00"}, "missing_lines": [110, 111, 114, 115, 116, 118, 120, 131, 132, 133, 134, 137, 140, 141, 142, 143, 145, 147, 148, 149, 150, 151, 152], "excluded_lines": [], "start_line": 97}, "McpretentiousClient.__init__": {"executed_lines": [171], "summary": {"covered_lines": 1, "num_statements": 1, "percent_covered": 100.0, "percent_covered_display": "100.00", "missing_lines": 0, "excluded_lines": 0, "percent_statements_covered": 100.0, "percent_statements_covered_display": "100.00"}, "missing_lines": [], "excluded_lines": [], "start_line": 169}, "McpretentiousClient.start": {"executed_lines": [], "summary": {"covered_lines": 0, "num_statements": 1, "percent_covered": 0.0, "percent_covered_display": "0.00", "missing_lines": 1, "excluded_lines": 0, "percent_statements_covered": 0.0, "percent_statements_covered_display": "0.00"}, "missing_lines": [178], "excluded_lines": [], "start_line": 176}, "McpretentiousClient.stop": {"executed_lines": [], "summary": {"covered_lines": 0, "num_statements": 1, "percent_covered": 0.0, "percent_covered_display": "0.00", "missing_lines": 1, "excluded_lines": 0, "percent_statements_covered": 0.0, "percent_statements_covered_display": "0.00"}, "missing_lines": [182], "excluded_lines": [], "start_line": 180}, "McpretentiousClient.open_terminal": {"executed_lines": [], "summary": {"covered_lines": 0, "num_statements": 2, "percent_covered": 0.0, "percent_covered_display": "0.00", "missing_lines": 2, "excluded_lines": 0, "percent_statements_covered": 0.0, "percent_statements_covered_display": "0.00"}, "missing_lines": [194, 198], "excluded_lines": [], "start_line": 184}, "McpretentiousClient.type_text": {"executed_lines": [], "summary": {"covered_lines": 0, "num_statements": 1, "percent_covered": 0.0, "percent_covered_display": "0.00", "missing_lines": 1, "excluded_lines": 0, "percent_statements_covered": 0.0, "percent_statements_covered_display": "0.00"}, "missing_lines": [211], "excluded_lines": [], "start_line": 200}, "McpretentiousClient.read_text": {"executed_lines": [], "summary": {"covered_lines": 0, "num_statements": 5, "percent_covered": 0.0, "percent_covered_display": "0.00", "missing_lines": 5, "excluded_lines": 0, "percent_statements_covered": 0.0, "percent_statements_covered_display": "0.00"}, "missing_lines": [233, 234, 235, 237, 241], "excluded_lines": [], "start_line": 219}, "McpretentiousClient.close_terminal": {"executed_lines": [], "summary": {"covered_lines": 0, "num_statements": 1, "percent_covered": 0.0, "percent_covered_display": "0.00", "missing_lines": 1, "excluded_lines": 0, "percent_statements_covered": 0.0, "percent_statements_covered_display": "0.00"}, "missing_lines": [249], "excluded_lines": [], "start_line": 243}, "McpretentiousClient.list_terminals": {"executed_lines": [], "summary": {"covered_lines": 0, "num_statements": 2, "percent_covered": 0.0, "percent_covered_display": "0.00", "missing_lines": 2, "excluded_lines": 0, "percent_statements_covered": 0.0, "percent_statements_covered_display": "0.00"}, "missing_lines": [260, 264], "excluded_lines": [], "start_line": 254}, "": {"executed_lines": [3, 4, 5, 6, 8, 11, 24, 37, 59, 70, 97, 155, 169, 176, 180, 184, 200, 219, 243, 254], "summary": {"covered_lines": 20, "num_statements": 20, "percent_covered": 100.0, "percent_covered_display": "100.00", "missing_lines": 0, "excluded_lines": 0, "percent_statements_covered": 100.0, "percent_statements_covered_display": "100.00"}, "missing_lines": [], "excluded_lines": [], "start_line": 1}}, "classes": {"StdioMCPClient": {"executed_lines": [31, 32, 33, 34, 35], "summary": {"covered_lines": 5, "num_statements": 60, "percent_covered": 8.333333333333334, "percent_covered_display": "8.33", "missing_lines": 55, "excluded_lines": 0, "percent_statements_covered": 8.333333333333334, "percent_statements_covered_display": "8.33"}, "missing_lines": [43, 44, 51, 54, 56, 57, 61, 62, 63, 64, 65, 66, 67, 68, 72, 73, 75, 76, 77, 78, 79, 81, 82, 85, 86, 87, 88, 89, 91, 92, 94, 95, 110, 111, 114, 115, 116, 118, 120, 131, 132, 133, 134, 137, 140, 141, 142, 143, 145, 147, 148, 149, 150, 151, 152], "excluded_lines": [], "start_line": 11}, "McpretentiousClient": {"executed_lines": [171], "summary": {"covered_lines": 1, "num_statements": 14, "percent_covered": 7.142857142857143, "percent_covered_display": "7.14", "missing_lines": 13, "excluded_lines": 0, "percent_statements_covered": 7.142857142857143, "percent_statements_covered_display": "7.14"}, "missing_lines": [178, 182, 194, 198, 211, 233, 234, 235, 237, 241, 249, 260, 264], "excluded_lines": [], "start_line": 155}, "": {"executed_lines": [3, 4, 5, 6, 8, 11, 24, 37, 59, 70, 97, 155, 169, 176, 180, 184, 200, 219, 243, 254], "summary": {"covered_lines": 20, "num_statements": 20, "percent_covered": 100.0, "percent_covered_display": "100.00", "missing_lines": 0, "excluded_lines": 0, "percent_statements_covered": 100.0, "percent_statements_covered_display": "100.00"}, "missing_lines": [], "excluded_lines": [], "start_line": 1}}}, "mahavishnu/terminal/pool.py": {"executed_lines": [6, 7, 8, 9, 11, 12, 13, 17, 20, 35, 48, 51, 52, 53, 55, 56, 57, 59, 64, 76, 78, 92, 93, 112, 129, 155, 164, 165, 167, 168, 170, 185, 190, 193, 194, 196, 198, 199, 200, 202, 203, 207, 246, 266, 267, 270, 278, 279, 280, 281, 282, 284, 287], "summary": {"covered_lines": 53, "num_statements": 133, "percent_covered": 39.849624060150376, "percent_covered_display": "39.85", "missing_lines": 80, "excluded_lines": 0, "percent_statements_covered": 39.849624060150376, "percent_statements_covered_display": "39.85"}, "missing_lines": [14, 15, 49, 79, 81, 82, 83, 84, 85, 88, 89, 94, 96, 103, 104, 107, 118, 120, 121, 122, 123, 124, 125, 127, 134, 136, 137, 138, 139, 140, 141, 142, 145, 146, 147, 148, 149, 150, 152, 153, 166, 179, 181, 182, 183, 191, 201, 204, 205, 214, 215, 216, 218, 220, 221, 224, 225, 226, 227, 230, 231, 234, 235, 236, 237, 238, 239, 240, 241, 243, 244, 252, 253, 254, 256, 294, 295, 296, 297, 298], "excluded_lines": [], "functions": {"ITerm2ConnectionPool.__init__": {"executed_lines": [48, 51, 52, 53, 55, 56, 57, 59], "summary": {"covered_lines": 8, "num_statements": 9, "percent_covered": 88.88888888888889, "percent_covered_display": "88.89", "missing_lines": 1, "excluded_lines": 0, "percent_statements_covered": 88.88888888888889, "percent_statements_covered_display": "88.89"}, "missing_lines": [49], "excluded_lines": [], "start_line": 35}, "ITerm2ConnectionPool.acquire": {"executed_lines": [76, 78, 92, 93], "summary": {"covered_lines": 4, "num_statements": 17, "percent_covered": 23.529411764705884, "percent_covered_display": "23.53", "missing_lines": 13, "excluded_lines": 0, "percent_statements_covered": 23.529411764705884, "percent_statements_covered_display": "23.53"}, "missing_lines": [79, 81, 82, 83, 84, 85, 88, 89, 94, 96, 103, 104, 107], "excluded_lines": [], "start_line": 64}, "ITerm2ConnectionPool.release": {"executed_lines": [], "summary": {"covered_lines": 0, "num_statements": 8, "percent_covered": 0.0, "percent_covered_display": "0.00", "missing_lines": 8, "excluded_lines": 0, "percent_statements_covered": 0.0, "percent_statements_covered_display": "0.00"}, "missing_lines": [118, 120, 121, 122, 123, 124, 125, 127], "excluded_lines": [], "start_line": 112}, "ITerm2ConnectionPool.close_all": {"executed_lines": [], "summary": {"covered_lines": 0, "num_statements": 16, "percent_covered": 0.0, "percent_covered_display": "0.00", "missing_lines": 16, "excluded_lines": 0, "percent_statements_covered": 0.0, "percent_statements_covered_display": "0.00"}, "missing_lines": [134, 136, 137, 138, 139, 140, 141, 142, 145, 146, 147, 148, 149, 150, 152, 153], "excluded_lines": [], "start_line": 129}, "ITerm2ConnectionPool._create_connection": {"executed_lines": [164, 165, 167, 168], "summary": {"covered_lines": 4, "num_statements": 5, "percent_covered": 80.0, "percent_covered_display": "80.00", "missing_lines": 1, "excluded_lines": 0, "percent_statements_covered": 80.0, "percent_statements_covered_display": "80.00"}, "missing_lines": [166], "excluded_lines": [], "start_line": 155}, "ITerm2ConnectionPool._is_connection_healthy": {"executed_lines": [], "summary": {"covered_lines": 0, "num_statements": 4, "percent_covered": 0.0, "percent_covered_display": "0.00", "missing_lines": 4, "excluded_lines": 0, "percent_statements_covered": 0.0, "percent_statements_covered_display": "0.00"}, "missing_lines": [179, 181, 182, 183], "excluded_lines": [], "start_line": 170}, "ITerm2ConnectionPool.start_health_check": {"executed_lines": [190, 193, 194], "summary": {"covered_lines": 3, "num_statements": 4, "percent_covered": 75.0, "percent_covered_display": "75.00", "missing_lines": 1, "excluded_lines": 0, "percent_statements_covered": 75.0, "percent_statements_covered_display": "75.00"}, "missing_lines": [191], "excluded_lines": [], "start_line": 185}, "ITerm2ConnectionPool._health_check_loop": {"executed_lines": [198, 199, 200, 202, 203], "summary": {"covered_lines": 5, "num_statements": 8, "percent_covered": 62.5, "percent_covered_display": "62.50", "missing_lines": 3, "excluded_lines": 0, "percent_statements_covered": 62.5, "percent_statements_covered_display": "62.50"}, "missing_lines": [201, 204, 205], "excluded_lines": [], "start_line": 196}, "ITerm2ConnectionPool._remove_stale_connections": {"executed_lines": [], "summary": {"covered_lines": 0, "num_statements": 22, "percent_covered": 0.0, "percent_covered_display": "0.00", "missing_lines": 22, "excluded_lines": 0, "percent_statements_covered": 0.0, "percent_statements_covered_display": "0.00"}, "missing_lines": [214, 215, 216, 218, 220, 221, 224, 225, 226, 227, 230, 231, 234, 235, 236, 237, 238, 239, 240, 241, 243, 244], "excluded_lines": [], "start_line": 207}, "ITerm2ConnectionPool.stats": {"executed_lines": [], "summary": {"covered_lines": 0, "num_statements": 4, "percent_covered": 0.0, "percent_covered_display": "0.00", "missing_lines": 4, "excluded_lines": 0, "percent_statements_covered": 0.0, "percent_statements_covered_display": "0.00"}, "missing_lines": [252, 253, 254, 256], "excluded_lines": [], "start_line": 246}, "get_global_pool": {"executed_lines": [278, 279, 280, 281, 282, 284], "summary": {"covered_lines": 6, "num_statements": 6, "percent_covered": 100.0, "percent_covered_display": "100.00", "missing_lines": 0, "excluded_lines": 0, "percent_statements_covered": 100.0, "percent_statements_covered_display": "100.00"}, "missing_lines": [], "excluded_lines": [], "start_line": 270}, "close_global_pool": {"executed_lines": [], "summary": {"covered_lines": 0, "num_statements": 5, "percent_covered": 0.0, "percent_covered_display": "0.00", "missing_lines": 5, "excluded_lines": 0, "percent_statements_covered": 0.0, "percent_statements_covered_display": "0.00"}, "missing_lines": [294, 295, 296, 297, 298], "excluded_lines": [], "start_line": 287}, "": {"executed_lines": [6, 7, 8, 9, 11, 12, 13, 17, 20, 35, 64, 112, 129, 155, 170, 185, 196, 207, 246, 266, 267, 270, 287], "summary": {"covered_lines": 23, "num_statements": 25, "percent_covered": 92.0, "percent_covered_display": "92.00", "missing_lines": 2, "excluded_lines": 0, "percent_statements_covered": 92.0, "percent_statements_covered_display": "92.00"}, "missing_lines": [14, 15], "excluded_lines": [], "start_line": 1}}, "classes": {"ITerm2ConnectionPool": {"executed_lines": [48, 51, 52, 53, 55, 56, 57, 59, 76, 78, 92, 93, 164, 165, 167, 168, 190, 193, 194, 198, 199, 200, 202, 203], "summary": {"covered_lines": 24, "num_statements": 97, "percent_covered": 24.742268041237114, "percent_covered_display": "24.74", "missing_lines": 73, "excluded_lines": 0, "percent_statements_covered": 24.742268041237114, "percent_statements_covered_display": "24.74"}, "missing_lines": [49, 79, 81, 82, 83, 84, 85, 88, 89, 94, 96, 103, 104, 107, 118, 120, 121, 122, 123, 124, 125, 127, 134, 136, 137, 138, 139, 140, 141, 142, 145, 146, 147, 148, 149, 150, 152, 153, 166, 179, 181, 182, 183, 191, 201, 204, 205, 214, 215, 216, 218, 220, 221, 224, 225, 226, 227, 230, 231, 234, 235, 236, 237, 238, 239, 240, 241, 243, 244, 252, 253, 254, 256], "excluded_lines": [], "start_line": 20}, "": {"executed_lines": [6, 7, 8, 9, 11, 12, 13, 17, 20, 35, 64, 112, 129, 155, 170, 185, 196, 207, 246, 266, 267, 270, 278, 279, 280, 281, 282, 284, 287], "summary": {"covered_lines": 29, "num_statements": 36, "percent_covered": 80.55555555555556, "percent_covered_display": "80.56", "missing_lines": 7, "excluded_lines": 0, "percent_statements_covered": 80.55555555555556, "percent_statements_covered_display": "80.56"}, "missing_lines": [14, 15, 294, 295, 296, 297, 298], "excluded_lines": [], "start_line": 1}}}, "mahavishnu/terminal/session.py": {"executed_lines": [3, 4, 6, 9, 25, 45, 56, 73, 81, 82, 86], "summary": {"covered_lines": 11, "num_statements": 25, "percent_covered": 44.0, "percent_covered_display": "44.00", "missing_lines": 14, "excluded_lines": 7, "percent_statements_covered": 44.0, "percent_statements_covered_display": "44.00"}, "missing_lines": [38, 39, 40, 41, 42, 43, 54, 68, 69, 70, 71, 79, 84, 92], "excluded_lines": [94, 95, 96, 97, 98, 99, 100], "functions": {"TerminalSession.__init__": {"executed_lines": [], "summary": {"covered_lines": 0, "num_statements": 6, "percent_covered": 0.0, "percent_covered_display": "0.00", "missing_lines": 6, "excluded_lines": 0, "percent_statements_covered": 0.0, "percent_statements_covered_display": "0.00"}, "missing_lines": [38, 39, 40, 41, 42, 43], "excluded_lines": [], "start_line": 25}, "TerminalSession.send": {"executed_lines": [], "summary": {"covered_lines": 0, "num_statements": 1, "percent_covered": 0.0, "percent_covered_display": "0.00", "missing_lines": 1, "excluded_lines": 0, "percent_statements_covered": 0.0, "percent_statements_covered_display": "0.00"}, "missing_lines": [54], "excluded_lines": [], "start_line": 45}, "TerminalSession.read": {"executed_lines": [], "summary": {"covered_lines": 0, "num_statements": 4, "percent_covered": 0.0, "percent_covered_display": "0.00", "missing_lines": 4, "excluded_lines": 0, "percent_statements_covered": 0.0, "percent_statements_covered_display": "0.00"}, "missing_lines": [68, 69, 70, 71], "excluded_lines": [], "start_line": 56}, "TerminalSession.close": {"executed_lines": [], "summary": {"covered_lines": 0, "num_statements": 1, "percent_covered": 0.0, "percent_covered_display": "0.00", "missing_lines": 1, "excluded_lines": 0, "percent_statements_covered": 0.0, "percent_statements_covered_display": "0.00"}, "missing_lines": [79], "excluded_lines": [], "start_line": 73}, "TerminalSession.age": {"executed_lines": [], "summary": {"covered_lines": 0, "num_statements": 1, "percent_covered": 0.0, "percent_covered_display": "0.00", "missing_lines": 1, "excluded_lines": 0, "percent_statements_covered": 0.0, "percent_statements_covered_display": "0.00"}, "missing_lines": [84], "excluded_lines": [], "start_line": 82}, "TerminalSession.get_output_history": {"executed_lines": [], "summary": {"covered_lines": 0, "num_statements": 1, "percent_covered": 0.0, "percent_covered_display": "0.00", "missing_lines": 1, "excluded_lines": 0, "percent_statements_covered": 0.0, "percent_statements_covered_display": "0.00"}, "missing_lines": [92], "excluded_lines": [], "start_line": 86}, "TerminalSession.__repr__": {"executed_lines": [], "summary": {"covered_lines": 0, "num_statements": 0, "percent_covered": 100.0, "percent_covered_display": "100.00", "missing_lines": 0, "excluded_lines": 6, "percent_statements_covered": 100.0, "percent_statements_covered_display": "100.00"}, "missing_lines": [], "excluded_lines": [95, 96, 97, 98, 99, 100], "start_line": 94}, "": {"executed_lines": [3, 4, 6, 9, 25, 45, 56, 73, 81, 82, 86], "summary": {"covered_lines": 11, "num_statements": 11, "percent_covered": 100.0, "percent_covered_display": "100.00", "missing_lines": 0, "excluded_lines": 1, "percent_statements_covered": 100.0, "percent_statements_covered_display": "100.00"}, "missing_lines": [], "excluded_lines": [94], "start_line": 1}}, "classes": {"TerminalSession": {"executed_lines": [], "summary": {"covered_lines": 0, "num_statements": 14, "percent_covered": 0.0, "percent_covered_display": "0.00", "missing_lines": 14, "excluded_lines": 6, "percent_statements_covered": 0.0, "percent_statements_covered_display": "0.00"}, "missing_lines": [38, 39, 40, 41, 42, 43, 54, 68, 69, 70, 71, 79, 84, 92], "excluded_lines": [95, 96, 97, 98, 99, 100], "start_line": 9}, "": {"executed_lines": [3, 4, 6, 9, 25, 45, 56, 73, 81, 82, 86], "summary": {"covered_lines": 11, "num_statements": 11, "percent_covered": 100.0, "percent_covered_display": "100.00", "missing_lines": 0, "excluded_lines": 1, "percent_statements_covered": 100.0, "percent_statements_covered_display": "100.00"}, "missing_lines": [], "excluded_lines": [94], "start_line": 1}}}}, "totals": {"covered_lines": 2133, "num_statements": 5406, "percent_covered": 39.45615982241954, "percent_covered_display": "39.46", "missing_lines": 3273, "excluded_lines": 139, "percent_statements_covered": 39.45615982241954, "percent_statements_covered_display": "39.46"}}